\BOOKMARK [0][-]{chapter.1}{\376\377\0001\000\040\000M\000a\000r\000k\000o\000v\000\040\000P\000a\000s\000s\000w\000o\000r\000d\000s}{}% 1
\BOOKMARK [1][-]{section.1.1}{\376\377\0001\000.\0001\000\040\000A\000b\000o\000u\000t\000\040\000T\000h\000e\000\040\000P\000r\000o\000j\000e\000c\000t}{chapter.1}% 2
\BOOKMARK [2][-]{subsection.1.1.1}{\376\377\0001\000.\0001\000.\0001\000\040\000B\000u\000i\000l\000t\000\040\000W\000i\000t\000h}{section.1.1}% 3
\BOOKMARK [1][-]{section.1.2}{\376\377\0001\000.\0002\000\040\000G\000e\000t\000t\000i\000n\000g\000\040\000S\000t\000a\000r\000t\000e\000d}{chapter.1}% 4
\BOOKMARK [2][-]{subsection.1.2.1}{\376\377\0001\000.\0002\000.\0001\000\040\000P\000r\000e\000r\000e\000q\000u\000i\000s\000i\000t\000e\000s}{section.1.2}% 5
\BOOKMARK [2][-]{subsection.1.2.2}{\376\377\0001\000.\0002\000.\0002\000\040\000I\000n\000s\000t\000a\000l\000l\000i\000n\000g\000\040\000D\000e\000p\000e\000n\000d\000e\000n\000c\000i\000e\000s}{section.1.2}% 6
\BOOKMARK [2][-]{subsection.1.2.3}{\376\377\0001\000.\0002\000.\0003\000\040\000I\000n\000s\000t\000a\000l\000l\000a\000t\000i\000o\000n}{section.1.2}% 7
\BOOKMARK [2][-]{subsection.1.2.4}{\376\377\0001\000.\0002\000.\0004\000\040\000B\000u\000i\000l\000d\000i\000n\000g}{section.1.2}% 8
\BOOKMARK [1][-]{section.1.3}{\376\377\0001\000.\0003\000\040\000L\000i\000n\000u\000x}{chapter.1}% 9
\BOOKMARK [1][-]{section.1.4}{\376\377\0001\000.\0004\000\040\000W\000i\000n\000d\000o\000w\000s}{chapter.1}% 10
\BOOKMARK [1][-]{section.1.5}{\376\377\0001\000.\0005\000\040\000K\000n\000o\000w\000n\000\040\000C\000o\000m\000m\000o\000n\000\040\000i\000s\000s\000u\000e\000s}{chapter.1}% 11
\BOOKMARK [2][-]{subsection.1.5.1}{\376\377\0001\000.\0005\000.\0001\000\040\000L\000i\000n\000u\000x}{section.1.5}% 12
\BOOKMARK [3][-]{subsubsection.1.5.1.1}{\376\377\0001\000.\0005\000.\0001\000.\0001\000\040\000M\000a\000r\000k\000o\000p\000y\000\040\000-\000\040\000P\000y\000t\000h\000o\000n\000.\000h\000\040\000-\000\040\000N\000o\000t\000\040\000f\000o\000u\000n\000d}{subsection.1.5.1}% 13
\BOOKMARK [3][-]{subsubsection.1.5.1.2}{\376\377\0001\000.\0005\000.\0001\000.\0002\000\040\000M\000a\000r\000k\000o\000p\000y\000/\000M\000a\000r\000k\000o\000v\000P\000a\000s\000s\000w\000o\000r\000d\000s\000\040\000-\000\040\000.\000s\000o\000\040\000n\000o\000t\000\040\000f\000o\000u\000n\000d\000,\000\040\000o\000r\000\040\000o\000t\000h\000e\000r\000\040\000l\000i\000b\000r\000a\000r\000y\000\040\000r\000e\000l\000a\000t\000e\000d\000\040\000i\000s\000s\000u\000e\000s\000\040\000w\000h\000e\000n\000\040\000b\000u\000i\000l\000d\000i\000n\000g}{subsection.1.5.1}% 14
\BOOKMARK [2][-]{subsection.1.5.2}{\376\377\0001\000.\0005\000.\0002\000\040\000W\000i\000n\000d\000o\000w\000s}{section.1.5}% 15
\BOOKMARK [3][-]{subsubsection.1.5.2.1}{\376\377\0001\000.\0005\000.\0002\000.\0001\000\040\000B\000o\000o\000s\000t\000\040\000-\000\040\000B\000o\000o\000t\000s\000t\000r\000a\000p\000.\000b\000a\000t\000\040\000`\000\250\000c\000t\000y\000p\000e\000.\000h\000`\000\250\000\040\000n\000o\000t\000\040\000f\000o\000u\000n\000d}{subsection.1.5.2}% 16
\BOOKMARK [3][-]{subsubsection.1.5.2.2}{\376\377\0001\000.\0005\000.\0002\000.\0002\000\040\000C\000a\000n\000n\000o\000t\000\040\000o\000p\000e\000n\000\040\000f\000i\000l\000e\000\040\000`\000\250\000.\000l\000i\000b\000`\000\250}{subsection.1.5.2}% 17
\BOOKMARK [3][-]{subsubsection.1.5.2.3}{\376\377\0001\000.\0005\000.\0002\000.\0003\000\040\000P\000y\000t\000h\000o\000n\000.\000h\000\040\000n\000o\000t\000\040\000f\000o\000u\000n\000d}{subsection.1.5.2}% 18
\BOOKMARK [3][-]{subsubsection.1.5.2.4}{\376\377\0001\000.\0005\000.\0002\000.\0004\000\040\000S\000i\000m\000p\000l\000i\000f\000i\000e\000d\000\040\000T\000h\000e\000o\000r\000y}{subsection.1.5.2}% 19
\BOOKMARK [2][-]{subsection.1.5.3}{\376\377\0001\000.\0005\000.\0003\000\040\000C\000o\000n\000t\000r\000i\000b\000u\000t\000i\000n\000g}{section.1.5}% 20
\BOOKMARK [2][-]{subsection.1.5.4}{\376\377\0001\000.\0005\000.\0004\000\040\000C\000o\000n\000t\000a\000c\000t}{section.1.5}% 21
\BOOKMARK [0][-]{chapter.2}{\376\377\0002\000\040\000D\000e\000p\000r\000e\000c\000a\000t\000e\000d\000\040\000L\000i\000s\000t}{}% 22
\BOOKMARK [0][-]{chapter.3}{\376\377\0003\000\040\000N\000a\000m\000e\000s\000p\000a\000c\000e\000\040\000I\000n\000d\000e\000x}{}% 23
\BOOKMARK [1][-]{section.3.1}{\376\377\0003\000.\0001\000\040\000N\000a\000m\000e\000s\000p\000a\000c\000e\000\040\000L\000i\000s\000t}{chapter.3}% 24
\BOOKMARK [0][-]{chapter.4}{\376\377\0004\000\040\000H\000i\000e\000r\000a\000r\000c\000h\000i\000c\000a\000l\000\040\000I\000n\000d\000e\000x}{}% 25
\BOOKMARK [1][-]{section.4.1}{\376\377\0004\000.\0001\000\040\000C\000l\000a\000s\000s\000\040\000H\000i\000e\000r\000a\000r\000c\000h\000y}{chapter.4}% 26
\BOOKMARK [0][-]{chapter.5}{\376\377\0005\000\040\000C\000l\000a\000s\000s\000\040\000I\000n\000d\000e\000x}{}% 27
\BOOKMARK [1][-]{section.5.1}{\376\377\0005\000.\0001\000\040\000C\000l\000a\000s\000s\000\040\000L\000i\000s\000t}{chapter.5}% 28
\BOOKMARK [0][-]{chapter.6}{\376\377\0006\000\040\000F\000i\000l\000e\000\040\000I\000n\000d\000e\000x}{}% 29
\BOOKMARK [1][-]{section.6.1}{\376\377\0006\000.\0001\000\040\000F\000i\000l\000e\000\040\000L\000i\000s\000t}{chapter.6}% 30
\BOOKMARK [0][-]{chapter.7}{\376\377\0007\000\040\000N\000a\000m\000e\000s\000p\000a\000c\000e\000\040\000D\000o\000c\000u\000m\000e\000n\000t\000a\000t\000i\000o\000n}{}% 31
\BOOKMARK [1][-]{section.7.1}{\376\377\0007\000.\0001\000\040\000m\000a\000r\000k\000o\000p\000y\000\137\000c\000l\000i\000\040\000N\000a\000m\000e\000s\000p\000a\000c\000e\000\040\000R\000e\000f\000e\000r\000e\000n\000c\000e}{chapter.7}% 32
\BOOKMARK [2][-]{subsection.7.1.1}{\376\377\0007\000.\0001\000.\0001\000\040\000D\000e\000t\000a\000i\000l\000e\000d\000\040\000D\000e\000s\000c\000r\000i\000p\000t\000i\000o\000n}{section.7.1}% 33
\BOOKMARK [2][-]{subsection.7.1.2}{\376\377\0007\000.\0001\000.\0002\000\040\000F\000u\000n\000c\000t\000i\000o\000n\000\040\000D\000o\000c\000u\000m\000e\000n\000t\000a\000t\000i\000o\000n}{section.7.1}% 34
\BOOKMARK [3][-]{subsubsection.7.1.2.1}{\376\377\0007\000.\0001\000.\0002\000.\0001\000\040\000c\000l\000i\000\137\000g\000e\000n\000e\000r\000a\000t\000e\000\050\000\051}{subsection.7.1.2}% 35
\BOOKMARK [3][-]{subsubsection.7.1.2.2}{\376\377\0007\000.\0001\000.\0002\000.\0002\000\040\000c\000l\000i\000\137\000i\000n\000i\000t\000\050\000\051}{subsection.7.1.2}% 36
\BOOKMARK [3][-]{subsubsection.7.1.2.3}{\376\377\0007\000.\0001\000.\0002\000.\0003\000\040\000c\000l\000i\000\137\000t\000r\000a\000i\000n\000\050\000\051}{subsection.7.1.2}% 37
\BOOKMARK [2][-]{subsection.7.1.3}{\376\377\0007\000.\0001\000.\0003\000\040\000V\000a\000r\000i\000a\000b\000l\000e\000\040\000D\000o\000c\000u\000m\000e\000n\000t\000a\000t\000i\000o\000n}{section.7.1}% 38
\BOOKMARK [3][-]{subsubsection.7.1.3.1}{\376\377\0007\000.\0001\000.\0003\000.\0001\000\040\000a\000c\000t\000i\000o\000n}{subsection.7.1.3}% 39
\BOOKMARK [3][-]{subsubsection.7.1.3.2}{\376\377\0007\000.\0001\000.\0003\000.\0002\000\040\000a\000r\000g\000s}{subsection.7.1.3}% 40
\BOOKMARK [3][-]{subsubsection.7.1.3.3}{\376\377\0007\000.\0001\000.\0003\000.\0003\000\040\000b\000u\000l\000k}{subsection.7.1.3}% 41
\BOOKMARK [3][-]{subsubsection.7.1.3.4}{\376\377\0007\000.\0001\000.\0003\000.\0004\000\040\000c\000o\000r\000p\000u\000s\000\137\000l\000i\000s\000t}{subsection.7.1.3}% 42
\BOOKMARK [3][-]{subsubsection.7.1.3.5}{\376\377\0007\000.\0001\000.\0003\000.\0005\000\040\000d\000e\000f\000a\000u\000l\000t}{subsection.7.1.3}% 43
\BOOKMARK [3][-]{subsubsection.7.1.3.6}{\376\377\0007\000.\0001\000.\0003\000.\0006\000\040\000h\000e\000l\000p}{subsection.7.1.3}% 44
\BOOKMARK [3][-]{subsubsection.7.1.3.7}{\376\377\0007\000.\0001\000.\0003\000.\0007\000\040\000m\000o\000d\000e\000l}{subsection.7.1.3}% 45
\BOOKMARK [3][-]{subsubsection.7.1.3.8}{\376\377\0007\000.\0001\000.\0003\000.\0008\000\040\000m\000o\000d\000e\000l\000\137\000b\000a\000s\000e}{subsection.7.1.3}% 46
\BOOKMARK [3][-]{subsubsection.7.1.3.9}{\376\377\0007\000.\0001\000.\0003\000.\0009\000\040\000m\000o\000d\000e\000l\000\137\000e\000x\000t\000e\000n\000s\000i\000o\000n}{subsection.7.1.3}% 47
\BOOKMARK [3][-]{subsubsection.7.1.3.10}{\376\377\0007\000.\0001\000.\0003\000.\0001\0000\000\040\000m\000o\000d\000e\000l\000\137\000l\000i\000s\000t}{subsection.7.1.3}% 48
\BOOKMARK [3][-]{subsubsection.7.1.3.11}{\376\377\0007\000.\0001\000.\0003\000.\0001\0001\000\040\000o\000u\000t\000p\000u\000t}{subsection.7.1.3}% 49
\BOOKMARK [3][-]{subsubsection.7.1.3.12}{\376\377\0007\000.\0001\000.\0003\000.\0001\0002\000\040\000o\000u\000t\000p\000u\000t\000\137\000f\000i\000l\000e\000\137\000n\000a\000m\000e}{subsection.7.1.3}% 50
\BOOKMARK [3][-]{subsubsection.7.1.3.13}{\376\377\0007\000.\0001\000.\0003\000.\0001\0003\000\040\000o\000u\000t\000p\000u\000t\000\137\000f\000o\000r\000c\000e\000d}{subsection.7.1.3}% 51
\BOOKMARK [3][-]{subsubsection.7.1.3.14}{\376\377\0007\000.\0001\000.\0003\000.\0001\0004\000\040\000p\000a\000r\000s\000e\000r}{subsection.7.1.3}% 52
\BOOKMARK [3][-]{subsubsection.7.1.3.15}{\376\377\0007\000.\0001\000.\0003\000.\0001\0005\000\040\000T\000r\000u\000e}{subsection.7.1.3}% 53
\BOOKMARK [1][-]{section.7.2}{\376\377\0007\000.\0002\000\040\000M\000a\000r\000k\000o\000v\000\040\000N\000a\000m\000e\000s\000p\000a\000c\000e\000\040\000R\000e\000f\000e\000r\000e\000n\000c\000e}{chapter.7}% 54
\BOOKMARK [2][-]{subsection.7.2.1}{\376\377\0007\000.\0002\000.\0001\000\040\000D\000e\000t\000a\000i\000l\000e\000d\000\040\000D\000e\000s\000c\000r\000i\000p\000t\000i\000o\000n}{section.7.2}% 55
\BOOKMARK [1][-]{section.7.3}{\376\377\0007\000.\0003\000\040\000M\000a\000r\000k\000o\000v\000:\000:\000A\000P\000I\000\040\000N\000a\000m\000e\000s\000p\000a\000c\000e\000\040\000R\000e\000f\000e\000r\000e\000n\000c\000e}{chapter.7}% 56
\BOOKMARK [2][-]{subsection.7.3.1}{\376\377\0007\000.\0003\000.\0001\000\040\000D\000e\000t\000a\000i\000l\000e\000d\000\040\000D\000e\000s\000c\000r\000i\000p\000t\000i\000o\000n}{section.7.3}% 57
\BOOKMARK [1][-]{section.7.4}{\376\377\0007\000.\0004\000\040\000M\000a\000r\000k\000o\000v\000:\000:\000A\000P\000I\000:\000:\000C\000L\000I\000\040\000N\000a\000m\000e\000s\000p\000a\000c\000e\000\040\000R\000e\000f\000e\000r\000e\000n\000c\000e}{chapter.7}% 58
\BOOKMARK [2][-]{subsection.7.4.1}{\376\377\0007\000.\0004\000.\0001\000\040\000D\000e\000t\000a\000i\000l\000e\000d\000\040\000D\000e\000s\000c\000r\000i\000p\000t\000i\000o\000n}{section.7.4}% 59
\BOOKMARK [2][-]{subsection.7.4.2}{\376\377\0007\000.\0004\000.\0002\000\040\000T\000y\000p\000e\000d\000e\000f\000\040\000D\000o\000c\000u\000m\000e\000n\000t\000a\000t\000i\000o\000n}{section.7.4}% 60
\BOOKMARK [3][-]{subsubsection.7.4.2.1}{\376\377\0007\000.\0004\000.\0002\000.\0001\000\040\000P\000r\000o\000g\000r\000a\000m\000O\000p\000t\000i\000o\000n\000s}{subsection.7.4.2}% 61
\BOOKMARK [2][-]{subsection.7.4.3}{\376\377\0007\000.\0004\000.\0003\000\040\000F\000u\000n\000c\000t\000i\000o\000n\000\040\000D\000o\000c\000u\000m\000e\000n\000t\000a\000t\000i\000o\000n}{section.7.4}% 62
\BOOKMARK [3][-]{subsubsection.7.4.3.1}{\376\377\0007\000.\0004\000.\0003\000.\0001\000\040\000o\000p\000e\000r\000a\000t\000o\000r\000<\000<\000\050\000\051}{subsection.7.4.3}% 63
\BOOKMARK [1][-]{section.7.5}{\376\377\0007\000.\0005\000\040\000M\000a\000r\000k\000o\000v\000:\000:\000A\000P\000I\000:\000:\000C\000o\000n\000c\000u\000r\000r\000e\000n\000c\000y\000\040\000N\000a\000m\000e\000s\000p\000a\000c\000e\000\040\000R\000e\000f\000e\000r\000e\000n\000c\000e}{chapter.7}% 64
\BOOKMARK [2][-]{subsection.7.5.1}{\376\377\0007\000.\0005\000.\0001\000\040\000D\000e\000t\000a\000i\000l\000e\000d\000\040\000D\000e\000s\000c\000r\000i\000p\000t\000i\000o\000n}{section.7.5}% 65
\BOOKMARK [1][-]{section.7.6}{\376\377\0007\000.\0006\000\040\000M\000a\000r\000k\000o\000v\000:\000:\000A\000P\000I\000:\000:\000C\000U\000D\000A\000\040\000N\000a\000m\000e\000s\000p\000a\000c\000e\000\040\000R\000e\000f\000e\000r\000e\000n\000c\000e}{chapter.7}% 66
\BOOKMARK [2][-]{subsection.7.6.1}{\376\377\0007\000.\0006\000.\0001\000\040\000D\000e\000t\000a\000i\000l\000e\000d\000\040\000D\000e\000s\000c\000r\000i\000p\000t\000i\000o\000n}{section.7.6}% 67
\BOOKMARK [1][-]{section.7.7}{\376\377\0007\000.\0007\000\040\000M\000a\000r\000k\000o\000v\000:\000:\000G\000U\000I\000\040\000N\000a\000m\000e\000s\000p\000a\000c\000e\000\040\000R\000e\000f\000e\000r\000e\000n\000c\000e}{chapter.7}% 68
\BOOKMARK [2][-]{subsection.7.7.1}{\376\377\0007\000.\0007\000.\0001\000\040\000D\000e\000t\000a\000i\000l\000e\000d\000\040\000D\000e\000s\000c\000r\000i\000p\000t\000i\000o\000n}{section.7.7}% 69
\BOOKMARK [1][-]{section.7.8}{\376\377\0007\000.\0008\000\040\000M\000a\000r\000k\000o\000v\000:\000:\000M\000a\000r\000k\000o\000p\000y\000\040\000N\000a\000m\000e\000s\000p\000a\000c\000e\000\040\000R\000e\000f\000e\000r\000e\000n\000c\000e}{chapter.7}% 70
\BOOKMARK [2][-]{subsection.7.8.1}{\376\377\0007\000.\0008\000.\0001\000\040\000F\000u\000n\000c\000t\000i\000o\000n\000\040\000D\000o\000c\000u\000m\000e\000n\000t\000a\000t\000i\000o\000n}{section.7.8}% 71
\BOOKMARK [3][-]{subsubsection.7.8.1.1}{\376\377\0007\000.\0008\000.\0001\000.\0001\000\040\000B\000O\000O\000S\000T\000\137\000P\000Y\000T\000H\000O\000N\000\137\000M\000O\000D\000U\000L\000E\000\050\000\051}{subsection.7.8.1}% 72
\BOOKMARK [1][-]{section.7.9}{\376\377\0007\000.\0009\000\040\000M\000a\000r\000k\000o\000v\000:\000:\000R\000a\000n\000d\000o\000m\000\040\000N\000a\000m\000e\000s\000p\000a\000c\000e\000\040\000R\000e\000f\000e\000r\000e\000n\000c\000e}{chapter.7}% 73
\BOOKMARK [2][-]{subsection.7.9.1}{\376\377\0007\000.\0009\000.\0001\000\040\000D\000e\000t\000a\000i\000l\000e\000d\000\040\000D\000e\000s\000c\000r\000i\000p\000t\000i\000o\000n}{section.7.9}% 74
\BOOKMARK [1][-]{section.7.10}{\376\377\0007\000.\0001\0000\000\040\000m\000o\000d\000e\000l\000\137\0002\000g\000r\000a\000m\000\040\000N\000a\000m\000e\000s\000p\000a\000c\000e\000\040\000R\000e\000f\000e\000r\000e\000n\000c\000e}{chapter.7}% 75
\BOOKMARK [2][-]{subsection.7.10.1}{\376\377\0007\000.\0001\0000\000.\0001\000\040\000D\000e\000t\000a\000i\000l\000e\000d\000\040\000D\000e\000s\000c\000r\000i\000p\000t\000i\000o\000n}{section.7.10}% 76
\BOOKMARK [2][-]{subsection.7.10.2}{\376\377\0007\000.\0001\0000\000.\0002\000\040\000V\000a\000r\000i\000a\000b\000l\000e\000\040\000D\000o\000c\000u\000m\000e\000n\000t\000a\000t\000i\000o\000n}{section.7.10}% 77
\BOOKMARK [3][-]{subsubsection.7.10.2.1}{\376\377\0007\000.\0001\0000\000.\0002\000.\0001\000\040\000a\000l\000p\000h\000a\000b\000e\000t}{subsection.7.10.2}% 78
\BOOKMARK [3][-]{subsubsection.7.10.2.2}{\376\377\0007\000.\0001\0000\000.\0002\000.\0002\000\040\000f}{subsection.7.10.2}% 79
\BOOKMARK [1][-]{section.7.11}{\376\377\0007\000.\0001\0001\000\040\000r\000a\000n\000d\000o\000m\000\040\000N\000a\000m\000e\000s\000p\000a\000c\000e\000\040\000R\000e\000f\000e\000r\000e\000n\000c\000e}{chapter.7}% 80
\BOOKMARK [2][-]{subsection.7.11.1}{\376\377\0007\000.\0001\0001\000.\0001\000\040\000D\000e\000t\000a\000i\000l\000e\000d\000\040\000D\000e\000s\000c\000r\000i\000p\000t\000i\000o\000n}{section.7.11}% 81
\BOOKMARK [1][-]{section.7.12}{\376\377\0007\000.\0001\0002\000\040\000r\000a\000n\000d\000o\000m\000-\000m\000o\000d\000e\000l\000\040\000N\000a\000m\000e\000s\000p\000a\000c\000e\000\040\000R\000e\000f\000e\000r\000e\000n\000c\000e}{chapter.7}% 82
\BOOKMARK [2][-]{subsection.7.12.1}{\376\377\0007\000.\0001\0002\000.\0001\000\040\000V\000a\000r\000i\000a\000b\000l\000e\000\040\000D\000o\000c\000u\000m\000e\000n\000t\000a\000t\000i\000o\000n}{section.7.12}% 83
\BOOKMARK [3][-]{subsubsection.7.12.1.1}{\376\377\0007\000.\0001\0002\000.\0001\000.\0001\000\040\000a\000l\000p\000h\000a\000b\000e\000t}{subsection.7.12.1}% 84
\BOOKMARK [3][-]{subsubsection.7.12.1.2}{\376\377\0007\000.\0001\0002\000.\0001\000.\0002\000\040\000f}{subsection.7.12.1}% 85
\BOOKMARK [1][-]{section.7.13}{\376\377\0007\000.\0001\0003\000\040\000T\000e\000s\000t\000i\000n\000g\000\040\000N\000a\000m\000e\000s\000p\000a\000c\000e\000\040\000R\000e\000f\000e\000r\000e\000n\000c\000e}{chapter.7}% 86
\BOOKMARK [2][-]{subsection.7.13.1}{\376\377\0007\000.\0001\0003\000.\0001\000\040\000D\000e\000t\000a\000i\000l\000e\000d\000\040\000D\000e\000s\000c\000r\000i\000p\000t\000i\000o\000n}{section.7.13}% 87
\BOOKMARK [1][-]{section.7.14}{\376\377\0007\000.\0001\0004\000\040\000T\000e\000s\000t\000i\000n\000g\000:\000:\000M\000a\000r\000k\000o\000v\000M\000o\000d\000e\000l\000\040\000N\000a\000m\000e\000s\000p\000a\000c\000e\000\040\000R\000e\000f\000e\000r\000e\000n\000c\000e}{chapter.7}% 88
\BOOKMARK [2][-]{subsection.7.14.1}{\376\377\0007\000.\0001\0004\000.\0001\000\040\000D\000e\000t\000a\000i\000l\000e\000d\000\040\000D\000e\000s\000c\000r\000i\000p\000t\000i\000o\000n}{section.7.14}% 89
\BOOKMARK [2][-]{subsection.7.14.2}{\376\377\0007\000.\0001\0004\000.\0002\000\040\000F\000u\000n\000c\000t\000i\000o\000n\000\040\000D\000o\000c\000u\000m\000e\000n\000t\000a\000t\000i\000o\000n}{section.7.14}% 90
\BOOKMARK [3][-]{subsubsection.7.14.2.1}{\376\377\0007\000.\0001\0004\000.\0002\000.\0001\000\040\000T\000E\000S\000T\000\137\000C\000L\000A\000S\000S\000\050\000\051\000\040\000[\0001\000/\0003\000]}{subsection.7.14.2}% 91
\BOOKMARK [3][-]{subsubsection.7.14.2.2}{\376\377\0007\000.\0001\0004\000.\0002\000.\0002\000\040\000T\000E\000S\000T\000\137\000C\000L\000A\000S\000S\000\050\000\051\000\040\000[\0002\000/\0003\000]}{subsection.7.14.2}% 92
\BOOKMARK [3][-]{subsubsection.7.14.2.3}{\376\377\0007\000.\0001\0004\000.\0002\000.\0003\000\040\000T\000E\000S\000T\000\137\000C\000L\000A\000S\000S\000\050\000\051\000\040\000[\0003\000/\0003\000]}{subsection.7.14.2}% 93
\BOOKMARK [1][-]{section.7.15}{\376\377\0007\000.\0001\0005\000\040\000T\000e\000s\000t\000i\000n\000g\000:\000:\000M\000a\000r\000k\000o\000v\000P\000a\000s\000s\000w\000o\000r\000d\000s\000\040\000N\000a\000m\000e\000s\000p\000a\000c\000e\000\040\000R\000e\000f\000e\000r\000e\000n\000c\000e}{chapter.7}% 94
\BOOKMARK [2][-]{subsection.7.15.1}{\376\377\0007\000.\0001\0005\000.\0001\000\040\000D\000e\000t\000a\000i\000l\000e\000d\000\040\000D\000e\000s\000c\000r\000i\000p\000t\000i\000o\000n}{section.7.15}% 95
\BOOKMARK [1][-]{section.7.16}{\376\377\0007\000.\0001\0006\000\040\000T\000e\000s\000t\000i\000n\000g\000:\000:\000M\000V\000P\000\040\000N\000a\000m\000e\000s\000p\000a\000c\000e\000\040\000R\000e\000f\000e\000r\000e\000n\000c\000e}{chapter.7}% 96
\BOOKMARK [2][-]{subsection.7.16.1}{\376\377\0007\000.\0001\0006\000.\0001\000\040\000D\000e\000t\000a\000i\000l\000e\000d\000\040\000D\000e\000s\000c\000r\000i\000p\000t\000i\000o\000n}{section.7.16}% 97
\BOOKMARK [1][-]{section.7.17}{\376\377\0007\000.\0001\0007\000\040\000T\000e\000s\000t\000i\000n\000g\000:\000:\000M\000V\000P\000:\000:\000M\000a\000r\000k\000o\000v\000M\000o\000d\000e\000l\000\040\000N\000a\000m\000e\000s\000p\000a\000c\000e\000\040\000R\000e\000f\000e\000r\000e\000n\000c\000e}{chapter.7}% 98
\BOOKMARK [2][-]{subsection.7.17.1}{\376\377\0007\000.\0001\0007\000.\0001\000\040\000D\000e\000t\000a\000i\000l\000e\000d\000\040\000D\000e\000s\000c\000r\000i\000p\000t\000i\000o\000n}{section.7.17}% 99
\BOOKMARK [2][-]{subsection.7.17.2}{\376\377\0007\000.\0001\0007\000.\0002\000\040\000F\000u\000n\000c\000t\000i\000o\000n\000\040\000D\000o\000c\000u\000m\000e\000n\000t\000a\000t\000i\000o\000n}{section.7.17}% 100
\BOOKMARK [3][-]{subsubsection.7.17.2.1}{\376\377\0007\000.\0001\0007\000.\0002\000.\0001\000\040\000T\000E\000S\000T\000\137\000C\000L\000A\000S\000S\000\050\000\051\000\040\000[\0001\000/\0003\000]}{subsection.7.17.2}% 101
\BOOKMARK [3][-]{subsubsection.7.17.2.2}{\376\377\0007\000.\0001\0007\000.\0002\000.\0002\000\040\000T\000E\000S\000T\000\137\000C\000L\000A\000S\000S\000\050\000\051\000\040\000[\0002\000/\0003\000]}{subsection.7.17.2}% 102
\BOOKMARK [3][-]{subsubsection.7.17.2.3}{\376\377\0007\000.\0001\0007\000.\0002\000.\0003\000\040\000T\000E\000S\000T\000\137\000C\000L\000A\000S\000S\000\050\000\051\000\040\000[\0003\000/\0003\000]}{subsection.7.17.2}% 103
\BOOKMARK [1][-]{section.7.18}{\376\377\0007\000.\0001\0008\000\040\000T\000e\000s\000t\000i\000n\000g\000:\000:\000M\000V\000P\000:\000:\000M\000a\000r\000k\000o\000v\000P\000a\000s\000s\000w\000o\000r\000d\000s\000\040\000N\000a\000m\000e\000s\000p\000a\000c\000e\000\040\000R\000e\000f\000e\000r\000e\000n\000c\000e}{chapter.7}% 104
\BOOKMARK [2][-]{subsection.7.18.1}{\376\377\0007\000.\0001\0008\000.\0001\000\040\000D\000e\000t\000a\000i\000l\000e\000d\000\040\000D\000e\000s\000c\000r\000i\000p\000t\000i\000o\000n}{section.7.18}% 105
\BOOKMARK [2][-]{subsection.7.18.2}{\376\377\0007\000.\0001\0008\000.\0002\000\040\000F\000u\000n\000c\000t\000i\000o\000n\000\040\000D\000o\000c\000u\000m\000e\000n\000t\000a\000t\000i\000o\000n}{section.7.18}% 106
\BOOKMARK [3][-]{subsubsection.7.18.2.1}{\376\377\0007\000.\0001\0008\000.\0002\000.\0001\000\040\000T\000E\000S\000T\000\137\000C\000L\000A\000S\000S\000\050\000\051}{subsection.7.18.2}% 107
\BOOKMARK [0][-]{chapter.8}{\376\377\0008\000\040\000C\000l\000a\000s\000s\000\040\000D\000o\000c\000u\000m\000e\000n\000t\000a\000t\000i\000o\000n}{}% 108
\BOOKMARK [1][-]{section.8.1}{\376\377\0008\000.\0001\000\040\000M\000a\000r\000k\000o\000v\000:\000:\000A\000P\000I\000:\000:\000C\000L\000I\000:\000:\000\137\000p\000r\000o\000g\000r\000a\000m\000O\000p\000t\000i\000o\000n\000s\000\040\000S\000t\000r\000u\000c\000t\000\040\000R\000e\000f\000e\000r\000e\000n\000c\000e}{chapter.8}% 109
\BOOKMARK [2][-]{subsection.8.1.1}{\376\377\0008\000.\0001\000.\0001\000\040\000D\000e\000t\000a\000i\000l\000e\000d\000\040\000D\000e\000s\000c\000r\000i\000p\000t\000i\000o\000n}{section.8.1}% 110
\BOOKMARK [2][-]{subsection.8.1.2}{\376\377\0008\000.\0001\000.\0002\000\040\000M\000e\000m\000b\000e\000r\000\040\000D\000a\000t\000a\000\040\000D\000o\000c\000u\000m\000e\000n\000t\000a\000t\000i\000o\000n}{section.8.1}% 111
\BOOKMARK [3][-]{subsubsection.8.1.2.1}{\376\377\0008\000.\0001\000.\0002\000.\0001\000\040\000b\000E\000x\000p\000o\000r\000t}{subsection.8.1.2}% 112
\BOOKMARK [3][-]{subsubsection.8.1.2.2}{\376\377\0008\000.\0001\000.\0002\000.\0002\000\040\000b\000F\000a\000i\000l\000u\000r\000e}{subsection.8.1.2}% 113
\BOOKMARK [3][-]{subsubsection.8.1.2.3}{\376\377\0008\000.\0001\000.\0002\000.\0003\000\040\000b\000I\000m\000p\000o\000r\000t}{subsection.8.1.2}% 114
\BOOKMARK [3][-]{subsubsection.8.1.2.4}{\376\377\0008\000.\0001\000.\0002\000.\0004\000\040\000d\000a\000t\000a\000s\000e\000t\000n\000a\000m\000e}{subsection.8.1.2}% 115
\BOOKMARK [3][-]{subsubsection.8.1.2.5}{\376\377\0008\000.\0001\000.\0002\000.\0005\000\040\000e\000x\000p\000o\000r\000t\000n\000a\000m\000e}{subsection.8.1.2}% 116
\BOOKMARK [3][-]{subsubsection.8.1.2.6}{\376\377\0008\000.\0001\000.\0002\000.\0006\000\040\000g\000e\000n\000e\000r\000a\000t\000e\000N}{subsection.8.1.2}% 117
\BOOKMARK [3][-]{subsubsection.8.1.2.7}{\376\377\0008\000.\0001\000.\0002\000.\0007\000\040\000i\000m\000p\000o\000r\000t\000n\000a\000m\000e}{subsection.8.1.2}% 118
\BOOKMARK [3][-]{subsubsection.8.1.2.8}{\376\377\0008\000.\0001\000.\0002\000.\0008\000\040\000o\000u\000t\000p\000u\000t\000f\000i\000l\000e\000n\000a\000m\000e}{subsection.8.1.2}% 119
\BOOKMARK [3][-]{subsubsection.8.1.2.9}{\376\377\0008\000.\0001\000.\0002\000.\0009\000\040\000s\000e\000p\000e\000r\000a\000t\000o\000r}{subsection.8.1.2}% 120
\BOOKMARK [3][-]{subsubsection.8.1.2.10}{\376\377\0008\000.\0001\000.\0002\000.\0001\0000\000\040\000w\000o\000r\000d\000l\000i\000s\000t\000n\000a\000m\000e}{subsection.8.1.2}% 121
\BOOKMARK [1][-]{section.8.2}{\376\377\0008\000.\0002\000\040\000M\000a\000r\000k\000o\000v\000:\000:\000G\000U\000I\000:\000:\000a\000b\000o\000u\000t\000\040\000C\000l\000a\000s\000s\000\040\000R\000e\000f\000e\000r\000e\000n\000c\000e}{chapter.8}% 122
\BOOKMARK [2][-]{subsection.8.2.1}{\376\377\0008\000.\0002\000.\0001\000\040\000D\000e\000t\000a\000i\000l\000e\000d\000\040\000D\000e\000s\000c\000r\000i\000p\000t\000i\000o\000n}{section.8.2}% 123
\BOOKMARK [2][-]{subsection.8.2.2}{\376\377\0008\000.\0002\000.\0002\000\040\000C\000o\000n\000s\000t\000r\000u\000c\000t\000o\000r\000\040\000\046\000\040\000D\000e\000s\000t\000r\000u\000c\000t\000o\000r\000\040\000D\000o\000c\000u\000m\000e\000n\000t\000a\000t\000i\000o\000n}{section.8.2}% 124
\BOOKMARK [3][-]{subsubsection.8.2.2.1}{\376\377\0008\000.\0002\000.\0002\000.\0001\000\040\000a\000b\000o\000u\000t\000\050\000\051}{subsection.8.2.2}% 125
\BOOKMARK [2][-]{subsection.8.2.3}{\376\377\0008\000.\0002\000.\0003\000\040\000M\000e\000m\000b\000e\000r\000\040\000D\000a\000t\000a\000\040\000D\000o\000c\000u\000m\000e\000n\000t\000a\000t\000i\000o\000n}{section.8.2}% 126
\BOOKMARK [3][-]{subsubsection.8.2.3.1}{\376\377\0008\000.\0002\000.\0003\000.\0001\000\040\000u\000i}{subsection.8.2.3}% 127
\BOOKMARK [1][-]{section.8.3}{\376\377\0008\000.\0003\000\040\000M\000a\000r\000k\000o\000v\000:\000:\000A\000P\000I\000:\000:\000C\000L\000I\000:\000:\000A\000r\000g\000p\000a\000r\000s\000e\000\040\000C\000l\000a\000s\000s\000\040\000R\000e\000f\000e\000r\000e\000n\000c\000e}{chapter.8}% 128
\BOOKMARK [2][-]{subsection.8.3.1}{\376\377\0008\000.\0003\000.\0001\000\040\000D\000e\000t\000a\000i\000l\000e\000d\000\040\000D\000e\000s\000c\000r\000i\000p\000t\000i\000o\000n}{section.8.3}% 129
\BOOKMARK [2][-]{subsection.8.3.2}{\376\377\0008\000.\0003\000.\0002\000\040\000C\000o\000n\000s\000t\000r\000u\000c\000t\000o\000r\000\040\000\046\000\040\000D\000e\000s\000t\000r\000u\000c\000t\000o\000r\000\040\000D\000o\000c\000u\000m\000e\000n\000t\000a\000t\000i\000o\000n}{section.8.3}% 130
\BOOKMARK [3][-]{subsubsection.8.3.2.1}{\376\377\0008\000.\0003\000.\0002\000.\0001\000\040\000A\000r\000g\000p\000a\000r\000s\000e\000\050\000\051\000\040\000[\0001\000/\0002\000]}{subsection.8.3.2}% 131
\BOOKMARK [3][-]{subsubsection.8.3.2.2}{\376\377\0008\000.\0003\000.\0002\000.\0002\000\040\000A\000r\000g\000p\000a\000r\000s\000e\000\050\000\051\000\040\000[\0002\000/\0002\000]}{subsection.8.3.2}% 132
\BOOKMARK [2][-]{subsection.8.3.3}{\376\377\0008\000.\0003\000.\0003\000\040\000M\000e\000m\000b\000e\000r\000\040\000F\000u\000n\000c\000t\000i\000o\000n\000\040\000D\000o\000c\000u\000m\000e\000n\000t\000a\000t\000i\000o\000n}{section.8.3}% 133
\BOOKMARK [3][-]{subsubsection.8.3.3.1}{\376\377\0008\000.\0003\000.\0003\000.\0001\000\040\000g\000e\000t\000P\000r\000o\000g\000r\000a\000m\000O\000p\000t\000i\000o\000n\000s\000\050\000\051}{subsection.8.3.3}% 134
\BOOKMARK [3][-]{subsubsection.8.3.3.2}{\376\377\0008\000.\0003\000.\0003\000.\0002\000\040\000h\000e\000l\000p\000\050\000\051}{subsection.8.3.3}% 135
\BOOKMARK [3][-]{subsubsection.8.3.3.3}{\376\377\0008\000.\0003\000.\0003\000.\0003\000\040\000p\000a\000r\000s\000e\000\050\000\051}{subsection.8.3.3}% 136
\BOOKMARK [3][-]{subsubsection.8.3.3.4}{\376\377\0008\000.\0003\000.\0003\000.\0004\000\040\000s\000e\000t\000P\000r\000o\000g\000r\000a\000m\000O\000p\000t\000i\000o\000n\000s\000\050\000\051}{subsection.8.3.3}% 137
\BOOKMARK [2][-]{subsection.8.3.4}{\376\377\0008\000.\0003\000.\0004\000\040\000M\000e\000m\000b\000e\000r\000\040\000D\000a\000t\000a\000\040\000D\000o\000c\000u\000m\000e\000n\000t\000a\000t\000i\000o\000n}{section.8.3}% 138
\BOOKMARK [3][-]{subsubsection.8.3.4.1}{\376\377\0008\000.\0003\000.\0004\000.\0001\000\040\000p\000o}{subsection.8.3.4}% 139
\BOOKMARK [1][-]{section.8.4}{\376\377\0008\000.\0004\000\040\000M\000a\000r\000k\000o\000v\000:\000:\000G\000U\000I\000:\000:\000C\000L\000I\000\040\000C\000l\000a\000s\000s\000\040\000R\000e\000f\000e\000r\000e\000n\000c\000e}{chapter.8}% 140
\BOOKMARK [2][-]{subsection.8.4.1}{\376\377\0008\000.\0004\000.\0001\000\040\000D\000e\000t\000a\000i\000l\000e\000d\000\040\000D\000e\000s\000c\000r\000i\000p\000t\000i\000o\000n}{section.8.4}% 141
\BOOKMARK [2][-]{subsection.8.4.2}{\376\377\0008\000.\0004\000.\0002\000\040\000C\000o\000n\000s\000t\000r\000u\000c\000t\000o\000r\000\040\000\046\000\040\000D\000e\000s\000t\000r\000u\000c\000t\000o\000r\000\040\000D\000o\000c\000u\000m\000e\000n\000t\000a\000t\000i\000o\000n}{section.8.4}% 142
\BOOKMARK [3][-]{subsubsection.8.4.2.1}{\376\377\0008\000.\0004\000.\0002\000.\0001\000\040\000C\000L\000I\000\050\000\051}{subsection.8.4.2}% 143
\BOOKMARK [2][-]{subsection.8.4.3}{\376\377\0008\000.\0004\000.\0003\000\040\000M\000e\000m\000b\000e\000r\000\040\000F\000u\000n\000c\000t\000i\000o\000n\000\040\000D\000o\000c\000u\000m\000e\000n\000t\000a\000t\000i\000o\000n}{section.8.4}% 144
\BOOKMARK [3][-]{subsubsection.8.4.3.1}{\376\377\0008\000.\0004\000.\0003\000.\0001\000\040\000a\000b\000o\000u\000t}{subsection.8.4.3}% 145
\BOOKMARK [3][-]{subsubsection.8.4.3.2}{\376\377\0008\000.\0004\000.\0003\000.\0002\000\040\000s\000t\000a\000r\000t}{subsection.8.4.3}% 146
\BOOKMARK [3][-]{subsubsection.8.4.3.3}{\376\377\0008\000.\0004\000.\0003\000.\0003\000\040\000s\000t\000a\000t\000i\000s\000t\000i\000c\000s}{subsection.8.4.3}% 147
\BOOKMARK [2][-]{subsection.8.4.4}{\376\377\0008\000.\0004\000.\0004\000\040\000M\000e\000m\000b\000e\000r\000\040\000D\000a\000t\000a\000\040\000D\000o\000c\000u\000m\000e\000n\000t\000a\000t\000i\000o\000n}{section.8.4}% 148
\BOOKMARK [3][-]{subsubsection.8.4.4.1}{\376\377\0008\000.\0004\000.\0004\000.\0001\000\040\000u\000i}{subsection.8.4.4}% 149
\BOOKMARK [1][-]{section.8.5}{\376\377\0008\000.\0005\000\040\000M\000a\000r\000k\000o\000v\000:\000:\000A\000P\000I\000:\000:\000C\000U\000D\000A\000:\000:\000C\000U\000D\000A\000D\000e\000v\000i\000c\000e\000C\000o\000n\000t\000r\000o\000l\000l\000e\000r\000\040\000C\000l\000a\000s\000s\000\040\000R\000e\000f\000e\000r\000e\000n\000c\000e}{chapter.8}% 150
\BOOKMARK [2][-]{subsection.8.5.1}{\376\377\0008\000.\0005\000.\0001\000\040\000D\000e\000t\000a\000i\000l\000e\000d\000\040\000D\000e\000s\000c\000r\000i\000p\000t\000i\000o\000n}{section.8.5}% 151
\BOOKMARK [2][-]{subsection.8.5.2}{\376\377\0008\000.\0005\000.\0002\000\040\000M\000e\000m\000b\000e\000r\000\040\000F\000u\000n\000c\000t\000i\000o\000n\000\040\000D\000o\000c\000u\000m\000e\000n\000t\000a\000t\000i\000o\000n}{section.8.5}% 152
\BOOKMARK [3][-]{subsubsection.8.5.2.1}{\376\377\0008\000.\0005\000.\0002\000.\0001\000\040\000C\000u\000d\000a\000C\000h\000e\000c\000k\000N\000o\000t\000i\000f\000y\000E\000r\000r\000\050\000\051}{subsection.8.5.2}% 153
\BOOKMARK [3][-]{subsubsection.8.5.2.2}{\376\377\0008\000.\0005\000.\0002\000.\0002\000\040\000L\000i\000s\000t\000C\000u\000d\000a\000D\000e\000v\000i\000c\000e\000s\000\050\000\051}{subsection.8.5.2}% 154
\BOOKMARK [1][-]{section.8.6}{\376\377\0008\000.\0006\000\040\000M\000a\000r\000k\000o\000v\000:\000:\000A\000P\000I\000:\000:\000C\000U\000D\000A\000:\000:\000C\000U\000D\000A\000M\000o\000d\000e\000l\000M\000a\000t\000r\000i\000x\000\040\000C\000l\000a\000s\000s\000\040\000R\000e\000f\000e\000r\000e\000n\000c\000e}{chapter.8}% 155
\BOOKMARK [2][-]{subsection.8.6.1}{\376\377\0008\000.\0006\000.\0001\000\040\000D\000e\000t\000a\000i\000l\000e\000d\000\040\000D\000e\000s\000c\000r\000i\000p\000t\000i\000o\000n}{section.8.6}% 156
\BOOKMARK [2][-]{subsection.8.6.2}{\376\377\0008\000.\0006\000.\0002\000\040\000M\000e\000m\000b\000e\000r\000\040\000F\000u\000n\000c\000t\000i\000o\000n\000\040\000D\000o\000c\000u\000m\000e\000n\000t\000a\000t\000i\000o\000n}{section.8.6}% 157
\BOOKMARK [3][-]{subsubsection.8.6.2.1}{\376\377\0008\000.\0006\000.\0002\000.\0001\000\040\000A\000d\000j\000u\000s\000t\000E\000d\000g\000e\000\050\000\051}{subsection.8.6.2}% 158
\BOOKMARK [3][-]{subsubsection.8.6.2.2}{\376\377\0008\000.\0006\000.\0002\000.\0002\000\040\000C\000o\000n\000s\000t\000r\000u\000c\000t\000M\000a\000t\000r\000i\000x\000\050\000\051}{subsection.8.6.2}% 159
\BOOKMARK [3][-]{subsubsection.8.6.2.3}{\376\377\0008\000.\0006\000.\0002\000.\0003\000\040\000C\000u\000d\000a\000C\000h\000e\000c\000k\000N\000o\000t\000i\000f\000y\000E\000r\000r\000\050\000\051}{subsection.8.6.2}% 160
\BOOKMARK [3][-]{subsubsection.8.6.2.4}{\376\377\0008\000.\0006\000.\0002\000.\0004\000\040\000D\000u\000m\000p\000J\000S\000O\000N\000\050\000\051}{subsection.8.6.2}% 161
\BOOKMARK [3][-]{subsubsection.8.6.2.5}{\376\377\0008\000.\0006\000.\0002\000.\0005\000\040\000E\000d\000g\000e\000s\000\050\000\051}{subsection.8.6.2}% 162
\BOOKMARK [3][-]{subsubsection.8.6.2.6}{\376\377\0008\000.\0006\000.\0002\000.\0006\000\040\000E\000x\000p\000o\000r\000t\000\050\000\051\000\040\000[\0001\000/\0002\000]}{subsection.8.6.2}% 163
\BOOKMARK [3][-]{subsubsection.8.6.2.7}{\376\377\0008\000.\0006\000.\0002\000.\0007\000\040\000E\000x\000p\000o\000r\000t\000\050\000\051\000\040\000[\0002\000/\0002\000]}{subsection.8.6.2}% 164
\BOOKMARK [3][-]{subsubsection.8.6.2.8}{\376\377\0008\000.\0006\000.\0002\000.\0008\000\040\000F\000a\000s\000t\000R\000a\000n\000d\000o\000m\000W\000a\000l\000k\000\050\000\051}{subsection.8.6.2}% 165
\BOOKMARK [3][-]{subsubsection.8.6.2.9}{\376\377\0008\000.\0006\000.\0002\000.\0009\000\040\000F\000a\000s\000t\000R\000a\000n\000d\000o\000m\000W\000a\000l\000k\000P\000a\000r\000t\000i\000t\000i\000o\000n\000\050\000\051}{subsection.8.6.2}% 166
\BOOKMARK [3][-]{subsubsection.8.6.2.10}{\376\377\0008\000.\0006\000.\0002\000.\0001\0000\000\040\000F\000a\000s\000t\000R\000a\000n\000d\000o\000m\000W\000a\000l\000k\000T\000h\000r\000e\000a\000d\000\050\000\051}{subsection.8.6.2}% 167
\BOOKMARK [3][-]{subsubsection.8.6.2.11}{\376\377\0008\000.\0006\000.\0002\000.\0001\0001\000\040\000G\000e\000n\000e\000r\000a\000t\000e\000\050\000\051}{subsection.8.6.2}% 168
\BOOKMARK [3][-]{subsubsection.8.6.2.12}{\376\377\0008\000.\0006\000.\0002\000.\0001\0002\000\040\000G\000e\000n\000e\000r\000a\000t\000e\000T\000h\000r\000e\000a\000d\000\050\000\051}{subsection.8.6.2}% 169
\BOOKMARK [3][-]{subsubsection.8.6.2.13}{\376\377\0008\000.\0006\000.\0002\000.\0001\0003\000\040\000I\000m\000p\000o\000r\000t\000\050\000\051\000\040\000[\0001\000/\0002\000]}{subsection.8.6.2}% 170
\BOOKMARK [3][-]{subsubsection.8.6.2.14}{\376\377\0008\000.\0006\000.\0002\000.\0001\0004\000\040\000I\000m\000p\000o\000r\000t\000\050\000\051\000\040\000[\0002\000/\0002\000]}{subsection.8.6.2}% 171
\BOOKMARK [3][-]{subsubsection.8.6.2.15}{\376\377\0008\000.\0006\000.\0002\000.\0001\0005\000\040\000L\000i\000s\000t\000C\000u\000d\000a\000D\000e\000v\000i\000c\000e\000s\000\050\000\051}{subsection.8.6.2}% 172
\BOOKMARK [3][-]{subsubsection.8.6.2.16}{\376\377\0008\000.\0006\000.\0002\000.\0001\0006\000\040\000M\000i\000g\000r\000a\000t\000e\000M\000a\000t\000r\000i\000x\000\050\000\051}{subsection.8.6.2}% 173
\BOOKMARK [3][-]{subsubsection.8.6.2.17}{\376\377\0008\000.\0006\000.\0002\000.\0001\0007\000\040\000N\000o\000d\000e\000s\000\050\000\051}{subsection.8.6.2}% 174
\BOOKMARK [3][-]{subsubsection.8.6.2.18}{\376\377\0008\000.\0006\000.\0002\000.\0001\0008\000\040\000O\000p\000e\000n\000D\000a\000t\000a\000s\000e\000t\000F\000i\000l\000e\000\050\000\051}{subsection.8.6.2}% 175
\BOOKMARK [3][-]{subsubsection.8.6.2.19}{\376\377\0008\000.\0006\000.\0002\000.\0001\0009\000\040\000R\000a\000n\000d\000o\000m\000W\000a\000l\000k\000\050\000\051}{subsection.8.6.2}% 176
\BOOKMARK [3][-]{subsubsection.8.6.2.20}{\376\377\0008\000.\0006\000.\0002\000.\0002\0000\000\040\000R\000e\000t\000r\000i\000e\000v\000e\000C\000u\000d\000a\000B\000u\000f\000f\000e\000r\000\050\000\051}{subsection.8.6.2}% 177
\BOOKMARK [3][-]{subsubsection.8.6.2.21}{\376\377\0008\000.\0006\000.\0002\000.\0002\0001\000\040\000S\000a\000v\000e\000\050\000\051}{subsection.8.6.2}% 178
\BOOKMARK [3][-]{subsubsection.8.6.2.22}{\376\377\0008\000.\0006\000.\0002\000.\0002\0002\000\040\000S\000t\000a\000r\000t\000e\000r\000N\000o\000d\000e\000\050\000\051}{subsection.8.6.2}% 179
\BOOKMARK [3][-]{subsubsection.8.6.2.23}{\376\377\0008\000.\0006\000.\0002\000.\0002\0003\000\040\000T\000r\000a\000i\000n\000\050\000\051}{subsection.8.6.2}% 180
\BOOKMARK [3][-]{subsubsection.8.6.2.24}{\376\377\0008\000.\0006\000.\0002\000.\0002\0004\000\040\000T\000r\000a\000i\000n\000T\000h\000r\000e\000a\000d\000\050\000\051}{subsection.8.6.2}% 181
\BOOKMARK [2][-]{subsection.8.6.3}{\376\377\0008\000.\0006\000.\0003\000\040\000M\000e\000m\000b\000e\000r\000\040\000D\000a\000t\000a\000\040\000D\000o\000c\000u\000m\000e\000n\000t\000a\000t\000i\000o\000n}{section.8.6}% 182
\BOOKMARK [3][-]{subsubsection.8.6.3.1}{\376\377\0008\000.\0006\000.\0003\000.\0001\000\040\000d\000a\000t\000a\000s\000e\000t\000F\000i\000l\000e}{subsection.8.6.3}% 183
\BOOKMARK [3][-]{subsubsection.8.6.3.2}{\376\377\0008\000.\0006\000.\0003\000.\0002\000\040\000d\000e\000v\000i\000c\000e\000\137\000e\000d\000g\000e\000M\000a\000t\000r\000i\000x}{subsection.8.6.3}% 184
\BOOKMARK [3][-]{subsubsection.8.6.3.3}{\376\377\0008\000.\0006\000.\0003\000.\0003\000\040\000d\000e\000v\000i\000c\000e\000\137\000m\000a\000t\000r\000i\000x\000I\000n\000d\000e\000x}{subsection.8.6.3}% 185
\BOOKMARK [3][-]{subsubsection.8.6.3.4}{\376\377\0008\000.\0006\000.\0003\000.\0004\000\040\000d\000e\000v\000i\000c\000e\000\137\000t\000o\000t\000a\000l\000E\000d\000g\000e\000W\000e\000i\000g\000h\000t\000s}{subsection.8.6.3}% 186
\BOOKMARK [3][-]{subsubsection.8.6.3.5}{\376\377\0008\000.\0006\000.\0003\000.\0005\000\040\000d\000e\000v\000i\000c\000e\000\137\000v\000a\000l\000u\000e\000M\000a\000t\000r\000i\000x}{subsection.8.6.3}% 187
\BOOKMARK [3][-]{subsubsection.8.6.3.6}{\376\377\0008\000.\0006\000.\0003\000.\0006\000\040\000e\000d\000g\000e\000M\000a\000t\000r\000i\000x}{subsection.8.6.3}% 188
\BOOKMARK [3][-]{subsubsection.8.6.3.7}{\376\377\0008\000.\0006\000.\0003\000.\0007\000\040\000e\000d\000g\000e\000s}{subsection.8.6.3}% 189
\BOOKMARK [3][-]{subsubsection.8.6.3.8}{\376\377\0008\000.\0006\000.\0003\000.\0008\000\040\000m\000a\000t\000r\000i\000x\000I\000n\000d\000e\000x}{subsection.8.6.3}% 190
\BOOKMARK [3][-]{subsubsection.8.6.3.9}{\376\377\0008\000.\0006\000.\0003\000.\0009\000\040\000m\000a\000t\000r\000i\000x\000S\000i\000z\000e}{subsection.8.6.3}% 191
\BOOKMARK [3][-]{subsubsection.8.6.3.10}{\376\377\0008\000.\0006\000.\0003\000.\0001\0000\000\040\000m\000o\000d\000e\000l\000S\000a\000v\000e\000f\000i\000l\000e}{subsection.8.6.3}% 192
\BOOKMARK [3][-]{subsubsection.8.6.3.11}{\376\377\0008\000.\0006\000.\0003\000.\0001\0001\000\040\000n\000o\000d\000e\000s}{subsection.8.6.3}% 193
\BOOKMARK [3][-]{subsubsection.8.6.3.12}{\376\377\0008\000.\0006\000.\0003\000.\0001\0002\000\040\000o\000u\000t\000p\000u\000t\000F\000i\000l\000e}{subsection.8.6.3}% 194
\BOOKMARK [3][-]{subsubsection.8.6.3.13}{\376\377\0008\000.\0006\000.\0003\000.\0001\0003\000\040\000s\000t\000a\000r\000t\000e\000r\000N\000o\000d\000e}{subsection.8.6.3}% 195
\BOOKMARK [3][-]{subsubsection.8.6.3.14}{\376\377\0008\000.\0006\000.\0003\000.\0001\0004\000\040\000t\000o\000t\000a\000l\000E\000d\000g\000e\000W\000e\000i\000g\000h\000t\000s}{subsection.8.6.3}% 196
\BOOKMARK [3][-]{subsubsection.8.6.3.15}{\376\377\0008\000.\0006\000.\0003\000.\0001\0005\000\040\000v\000a\000l\000u\000e\000M\000a\000t\000r\000i\000x}{subsection.8.6.3}% 197
\BOOKMARK [1][-]{section.8.7}{\376\377\0008\000.\0007\000\040\000M\000a\000r\000k\000o\000v\000:\000:\000R\000a\000n\000d\000o\000m\000:\000:\000D\000e\000f\000a\000u\000l\000t\000R\000a\000n\000d\000o\000m\000E\000n\000g\000i\000n\000e\000\040\000C\000l\000a\000s\000s\000\040\000R\000e\000f\000e\000r\000e\000n\000c\000e}{chapter.8}% 198
\BOOKMARK [2][-]{subsection.8.7.1}{\376\377\0008\000.\0007\000.\0001\000\040\000D\000e\000t\000a\000i\000l\000e\000d\000\040\000D\000e\000s\000c\000r\000i\000p\000t\000i\000o\000n}{section.8.7}% 199
\BOOKMARK [2][-]{subsection.8.7.2}{\376\377\0008\000.\0007\000.\0002\000\040\000M\000e\000m\000b\000e\000r\000\040\000F\000u\000n\000c\000t\000i\000o\000n\000\040\000D\000o\000c\000u\000m\000e\000n\000t\000a\000t\000i\000o\000n}{section.8.7}% 200
\BOOKMARK [3][-]{subsubsection.8.7.2.1}{\376\377\0008\000.\0007\000.\0002\000.\0001\000\040\000d\000i\000s\000t\000r\000i\000b\000u\000t\000i\000o\000n\000\050\000\051}{subsection.8.7.2}% 201
\BOOKMARK [3][-]{subsubsection.8.7.2.2}{\376\377\0008\000.\0007\000.\0002\000.\0002\000\040\000g\000e\000n\000e\000r\000a\000t\000o\000r\000\050\000\051}{subsection.8.7.2}% 202
\BOOKMARK [3][-]{subsubsection.8.7.2.3}{\376\377\0008\000.\0007\000.\0002\000.\0003\000\040\000r\000a\000n\000d\000o\000m\000\050\000\051}{subsection.8.7.2}% 203
\BOOKMARK [3][-]{subsubsection.8.7.2.4}{\376\377\0008\000.\0007\000.\0002\000.\0004\000\040\000r\000d\000\050\000\051}{subsection.8.7.2}% 204
\BOOKMARK [1][-]{section.8.8}{\376\377\0008\000.\0008\000\040\000M\000a\000r\000k\000o\000v\000:\000:\000E\000d\000g\000e\000<\000\040\000N\000o\000d\000e\000S\000t\000o\000r\000a\000g\000e\000T\000y\000p\000e\000\040\000>\000\040\000C\000l\000a\000s\000s\000\040\000T\000e\000m\000p\000l\000a\000t\000e\000\040\000R\000e\000f\000e\000r\000e\000n\000c\000e}{chapter.8}% 205
\BOOKMARK [2][-]{subsection.8.8.1}{\376\377\0008\000.\0008\000.\0001\000\040\000D\000e\000t\000a\000i\000l\000e\000d\000\040\000D\000e\000s\000c\000r\000i\000p\000t\000i\000o\000n}{section.8.8}% 206
\BOOKMARK [2][-]{subsection.8.8.2}{\376\377\0008\000.\0008\000.\0002\000\040\000C\000o\000n\000s\000t\000r\000u\000c\000t\000o\000r\000\040\000\046\000\040\000D\000e\000s\000t\000r\000u\000c\000t\000o\000r\000\040\000D\000o\000c\000u\000m\000e\000n\000t\000a\000t\000i\000o\000n}{section.8.8}% 207
\BOOKMARK [3][-]{subsubsection.8.8.2.1}{\376\377\0008\000.\0008\000.\0002\000.\0001\000\040\000E\000d\000g\000e\000\050\000\051\000\040\000[\0001\000/\0002\000]}{subsection.8.8.2}% 208
\BOOKMARK [3][-]{subsubsection.8.8.2.2}{\376\377\0008\000.\0008\000.\0002\000.\0002\000\040\000E\000d\000g\000e\000\050\000\051\000\040\000[\0002\000/\0002\000]}{subsection.8.8.2}% 209
\BOOKMARK [2][-]{subsection.8.8.3}{\376\377\0008\000.\0008\000.\0003\000\040\000M\000e\000m\000b\000e\000r\000\040\000F\000u\000n\000c\000t\000i\000o\000n\000\040\000D\000o\000c\000u\000m\000e\000n\000t\000a\000t\000i\000o\000n}{section.8.8}% 210
\BOOKMARK [3][-]{subsubsection.8.8.3.1}{\376\377\0008\000.\0008\000.\0003\000.\0001\000\040\000A\000d\000j\000u\000s\000t\000E\000d\000g\000e\000\050\000\051}{subsection.8.8.3}% 211
\BOOKMARK [3][-]{subsubsection.8.8.3.2}{\376\377\0008\000.\0008\000.\0003\000.\0002\000\040\000E\000d\000g\000e\000W\000e\000i\000g\000h\000t\000\050\000\051}{subsection.8.8.3}% 212
\BOOKMARK [3][-]{subsubsection.8.8.3.3}{\376\377\0008\000.\0008\000.\0003\000.\0003\000\040\000L\000e\000f\000t\000N\000o\000d\000e\000\050\000\051}{subsection.8.8.3}% 213
\BOOKMARK [3][-]{subsubsection.8.8.3.4}{\376\377\0008\000.\0008\000.\0003\000.\0004\000\040\000R\000i\000g\000h\000t\000N\000o\000d\000e\000\050\000\051}{subsection.8.8.3}% 214
\BOOKMARK [3][-]{subsubsection.8.8.3.5}{\376\377\0008\000.\0008\000.\0003\000.\0005\000\040\000S\000e\000t\000L\000e\000f\000t\000E\000d\000g\000e\000\050\000\051}{subsection.8.8.3}% 215
\BOOKMARK [3][-]{subsubsection.8.8.3.6}{\376\377\0008\000.\0008\000.\0003\000.\0006\000\040\000S\000e\000t\000R\000i\000g\000h\000t\000E\000d\000g\000e\000\050\000\051}{subsection.8.8.3}% 216
\BOOKMARK [3][-]{subsubsection.8.8.3.7}{\376\377\0008\000.\0008\000.\0003\000.\0007\000\040\000T\000r\000a\000v\000e\000r\000s\000e\000N\000o\000d\000e\000\050\000\051}{subsection.8.8.3}% 217
\BOOKMARK [2][-]{subsection.8.8.4}{\376\377\0008\000.\0008\000.\0004\000\040\000M\000e\000m\000b\000e\000r\000\040\000D\000a\000t\000a\000\040\000D\000o\000c\000u\000m\000e\000n\000t\000a\000t\000i\000o\000n}{section.8.8}% 218
\BOOKMARK [3][-]{subsubsection.8.8.4.1}{\376\377\0008\000.\0008\000.\0004\000.\0001\000\040\000\137\000l\000e\000f\000t}{subsection.8.8.4}% 219
\BOOKMARK [3][-]{subsubsection.8.8.4.2}{\376\377\0008\000.\0008\000.\0004\000.\0002\000\040\000\137\000r\000i\000g\000h\000t}{subsection.8.8.4}% 220
\BOOKMARK [3][-]{subsubsection.8.8.4.3}{\376\377\0008\000.\0008\000.\0004\000.\0003\000\040\000\137\000w\000e\000i\000g\000h\000t}{subsection.8.8.4}% 221
\BOOKMARK [1][-]{section.8.9}{\376\377\0008\000.\0009\000\040\000M\000a\000r\000k\000o\000v\000:\000:\000A\000P\000I\000:\000:\000M\000a\000r\000k\000o\000v\000P\000a\000s\000s\000w\000o\000r\000d\000s\000\040\000C\000l\000a\000s\000s\000\040\000R\000e\000f\000e\000r\000e\000n\000c\000e}{chapter.8}% 222
\BOOKMARK [2][-]{subsection.8.9.1}{\376\377\0008\000.\0009\000.\0001\000\040\000D\000e\000t\000a\000i\000l\000e\000d\000\040\000D\000e\000s\000c\000r\000i\000p\000t\000i\000o\000n}{section.8.9}% 223
\BOOKMARK [2][-]{subsection.8.9.2}{\376\377\0008\000.\0009\000.\0002\000\040\000C\000o\000n\000s\000t\000r\000u\000c\000t\000o\000r\000\040\000\046\000\040\000D\000e\000s\000t\000r\000u\000c\000t\000o\000r\000\040\000D\000o\000c\000u\000m\000e\000n\000t\000a\000t\000i\000o\000n}{section.8.9}% 224
\BOOKMARK [3][-]{subsubsection.8.9.2.1}{\376\377\0008\000.\0009\000.\0002\000.\0001\000\040\000M\000a\000r\000k\000o\000v\000P\000a\000s\000s\000w\000o\000r\000d\000s\000\050\000\051\000\040\000[\0001\000/\0002\000]}{subsection.8.9.2}% 225
\BOOKMARK [3][-]{subsubsection.8.9.2.2}{\376\377\0008\000.\0009\000.\0002\000.\0002\000\040\000M\000a\000r\000k\000o\000v\000P\000a\000s\000s\000w\000o\000r\000d\000s\000\050\000\051\000\040\000[\0002\000/\0002\000]}{subsection.8.9.2}% 226
\BOOKMARK [2][-]{subsection.8.9.3}{\376\377\0008\000.\0009\000.\0003\000\040\000M\000e\000m\000b\000e\000r\000\040\000F\000u\000n\000c\000t\000i\000o\000n\000\040\000D\000o\000c\000u\000m\000e\000n\000t\000a\000t\000i\000o\000n}{section.8.9}% 227
\BOOKMARK [3][-]{subsubsection.8.9.3.1}{\376\377\0008\000.\0009\000.\0003\000.\0001\000\040\000A\000d\000j\000u\000s\000t\000E\000d\000g\000e\000\050\000\051}{subsection.8.9.3}% 228
\BOOKMARK [3][-]{subsubsection.8.9.3.2}{\376\377\0008\000.\0009\000.\0003\000.\0002\000\040\000E\000d\000g\000e\000s\000\050\000\051}{subsection.8.9.3}% 229
\BOOKMARK [3][-]{subsubsection.8.9.3.3}{\376\377\0008\000.\0009\000.\0003\000.\0003\000\040\000E\000x\000p\000o\000r\000t\000\050\000\051\000\040\000[\0001\000/\0002\000]}{subsection.8.9.3}% 230
\BOOKMARK [3][-]{subsubsection.8.9.3.4}{\376\377\0008\000.\0009\000.\0003\000.\0004\000\040\000E\000x\000p\000o\000r\000t\000\050\000\051\000\040\000[\0002\000/\0002\000]}{subsection.8.9.3}% 231
\BOOKMARK [3][-]{subsubsection.8.9.3.5}{\376\377\0008\000.\0009\000.\0003\000.\0005\000\040\000G\000e\000n\000e\000r\000a\000t\000e\000\050\000\051}{subsection.8.9.3}% 232
\BOOKMARK [3][-]{subsubsection.8.9.3.6}{\376\377\0008\000.\0009\000.\0003\000.\0006\000\040\000G\000e\000n\000e\000r\000a\000t\000e\000T\000h\000r\000e\000a\000d\000\050\000\051}{subsection.8.9.3}% 233
\BOOKMARK [3][-]{subsubsection.8.9.3.7}{\376\377\0008\000.\0009\000.\0003\000.\0007\000\040\000I\000m\000p\000o\000r\000t\000\050\000\051\000\040\000[\0001\000/\0002\000]}{subsection.8.9.3}% 234
\BOOKMARK [3][-]{subsubsection.8.9.3.8}{\376\377\0008\000.\0009\000.\0003\000.\0008\000\040\000I\000m\000p\000o\000r\000t\000\050\000\051\000\040\000[\0002\000/\0002\000]}{subsection.8.9.3}% 235
\BOOKMARK [3][-]{subsubsection.8.9.3.9}{\376\377\0008\000.\0009\000.\0003\000.\0009\000\040\000N\000o\000d\000e\000s\000\050\000\051}{subsection.8.9.3}% 236
\BOOKMARK [3][-]{subsubsection.8.9.3.10}{\376\377\0008\000.\0009\000.\0003\000.\0001\0000\000\040\000O\000p\000e\000n\000D\000a\000t\000a\000s\000e\000t\000F\000i\000l\000e\000\050\000\051}{subsection.8.9.3}% 237
\BOOKMARK [3][-]{subsubsection.8.9.3.11}{\376\377\0008\000.\0009\000.\0003\000.\0001\0001\000\040\000R\000a\000n\000d\000o\000m\000W\000a\000l\000k\000\050\000\051}{subsection.8.9.3}% 238
\BOOKMARK [3][-]{subsubsection.8.9.3.12}{\376\377\0008\000.\0009\000.\0003\000.\0001\0002\000\040\000S\000a\000v\000e\000\050\000\051}{subsection.8.9.3}% 239
\BOOKMARK [3][-]{subsubsection.8.9.3.13}{\376\377\0008\000.\0009\000.\0003\000.\0001\0003\000\040\000S\000t\000a\000r\000t\000e\000r\000N\000o\000d\000e\000\050\000\051}{subsection.8.9.3}% 240
\BOOKMARK [3][-]{subsubsection.8.9.3.14}{\376\377\0008\000.\0009\000.\0003\000.\0001\0004\000\040\000T\000r\000a\000i\000n\000\050\000\051}{subsection.8.9.3}% 241
\BOOKMARK [3][-]{subsubsection.8.9.3.15}{\376\377\0008\000.\0009\000.\0003\000.\0001\0005\000\040\000T\000r\000a\000i\000n\000T\000h\000r\000e\000a\000d\000\050\000\051}{subsection.8.9.3}% 242
\BOOKMARK [2][-]{subsection.8.9.4}{\376\377\0008\000.\0009\000.\0004\000\040\000M\000e\000m\000b\000e\000r\000\040\000D\000a\000t\000a\000\040\000D\000o\000c\000u\000m\000e\000n\000t\000a\000t\000i\000o\000n}{section.8.9}% 243
\BOOKMARK [3][-]{subsubsection.8.9.4.1}{\376\377\0008\000.\0009\000.\0004\000.\0001\000\040\000d\000a\000t\000a\000s\000e\000t\000F\000i\000l\000e}{subsection.8.9.4}% 244
\BOOKMARK [3][-]{subsubsection.8.9.4.2}{\376\377\0008\000.\0009\000.\0004\000.\0002\000\040\000e\000d\000g\000e\000s}{subsection.8.9.4}% 245
\BOOKMARK [3][-]{subsubsection.8.9.4.3}{\376\377\0008\000.\0009\000.\0004\000.\0003\000\040\000m\000o\000d\000e\000l\000S\000a\000v\000e\000f\000i\000l\000e}{subsection.8.9.4}% 246
\BOOKMARK [3][-]{subsubsection.8.9.4.4}{\376\377\0008\000.\0009\000.\0004\000.\0004\000\040\000n\000o\000d\000e\000s}{subsection.8.9.4}% 247
\BOOKMARK [3][-]{subsubsection.8.9.4.5}{\376\377\0008\000.\0009\000.\0004\000.\0005\000\040\000o\000u\000t\000p\000u\000t\000F\000i\000l\000e}{subsection.8.9.4}% 248
\BOOKMARK [3][-]{subsubsection.8.9.4.6}{\376\377\0008\000.\0009\000.\0004\000.\0006\000\040\000s\000t\000a\000r\000t\000e\000r\000N\000o\000d\000e}{subsection.8.9.4}% 249
\BOOKMARK [1][-]{section.8.10}{\376\377\0008\000.\0001\0000\000\040\000M\000a\000r\000k\000o\000v\000:\000:\000G\000U\000I\000:\000:\000M\000a\000r\000k\000o\000v\000P\000a\000s\000s\000w\000o\000r\000d\000s\000G\000U\000I\000\040\000C\000l\000a\000s\000s\000\040\000R\000e\000f\000e\000r\000e\000n\000c\000e}{chapter.8}% 250
\BOOKMARK [2][-]{subsection.8.10.1}{\376\377\0008\000.\0001\0000\000.\0001\000\040\000D\000e\000t\000a\000i\000l\000e\000d\000\040\000D\000e\000s\000c\000r\000i\000p\000t\000i\000o\000n}{section.8.10}% 251
\BOOKMARK [2][-]{subsection.8.10.2}{\376\377\0008\000.\0001\0000\000.\0002\000\040\000C\000o\000n\000s\000t\000r\000u\000c\000t\000o\000r\000\040\000\046\000\040\000D\000e\000s\000t\000r\000u\000c\000t\000o\000r\000\040\000D\000o\000c\000u\000m\000e\000n\000t\000a\000t\000i\000o\000n}{section.8.10}% 252
\BOOKMARK [3][-]{subsubsection.8.10.2.1}{\376\377\0008\000.\0001\0000\000.\0002\000.\0001\000\040\000M\000a\000r\000k\000o\000v\000P\000a\000s\000s\000w\000o\000r\000d\000s\000G\000U\000I\000\050\000\051}{subsection.8.10.2}% 253
\BOOKMARK [2][-]{subsection.8.10.3}{\376\377\0008\000.\0001\0000\000.\0003\000\040\000M\000e\000m\000b\000e\000r\000\040\000F\000u\000n\000c\000t\000i\000o\000n\000\040\000D\000o\000c\000u\000m\000e\000n\000t\000a\000t\000i\000o\000n}{section.8.10}% 254
\BOOKMARK [3][-]{subsubsection.8.10.3.1}{\376\377\0008\000.\0001\0000\000.\0003\000.\0001\000\040\000l\000o\000a\000d\000D\000a\000t\000a\000s\000e\000t\000\050\000\051}{subsection.8.10.3}% 255
\BOOKMARK [3][-]{subsubsection.8.10.3.2}{\376\377\0008\000.\0001\0000\000.\0003\000.\0002\000\040\000M\000a\000r\000k\000o\000v\000P\000a\000s\000s\000w\000o\000r\000d\000s\000G\000U\000I\000:\000:\000b\000e\000n\000c\000h\000m\000a\000r\000k\000S\000e\000l\000e\000c\000t\000e\000d}{subsection.8.10.3}% 256
\BOOKMARK [3][-]{subsubsection.8.10.3.3}{\376\377\0008\000.\0001\0000\000.\0003\000.\0003\000\040\000M\000a\000r\000k\000o\000v\000P\000a\000s\000s\000w\000o\000r\000d\000s\000G\000U\000I\000:\000:\000c\000o\000m\000p\000a\000r\000i\000s\000o\000n\000S\000e\000l\000e\000c\000t\000e\000d}{subsection.8.10.3}% 257
\BOOKMARK [3][-]{subsubsection.8.10.3.4}{\376\377\0008\000.\0001\0000\000.\0003\000.\0004\000\040\000M\000a\000r\000k\000o\000v\000P\000a\000s\000s\000w\000o\000r\000d\000s\000G\000U\000I\000:\000:\000m\000o\000d\000e\000l\000v\000i\000s\000S\000e\000l\000e\000c\000t\000e\000d}{subsection.8.10.3}% 258
\BOOKMARK [3][-]{subsubsection.8.10.3.5}{\376\377\0008\000.\0001\0000\000.\0003\000.\0005\000\040\000M\000a\000r\000k\000o\000v\000P\000a\000s\000s\000w\000o\000r\000d\000s\000G\000U\000I\000:\000:\000v\000i\000s\000u\000a\000l\000D\000e\000b\000u\000g\000S\000e\000l\000e\000c\000t\000e\000d}{subsection.8.10.3}% 259
\BOOKMARK [3][-]{subsubsection.8.10.3.6}{\376\377\0008\000.\0001\0000\000.\0003\000.\0006\000\040\000r\000e\000n\000d\000e\000r\000H\000T\000M\000L\000F\000i\000l\000e\000\050\000\051}{subsection.8.10.3}% 260
\BOOKMARK [2][-]{subsection.8.10.4}{\376\377\0008\000.\0001\0000\000.\0004\000\040\000M\000e\000m\000b\000e\000r\000\040\000D\000a\000t\000a\000\040\000D\000o\000c\000u\000m\000e\000n\000t\000a\000t\000i\000o\000n}{section.8.10}% 261
\BOOKMARK [3][-]{subsubsection.8.10.4.1}{\376\377\0008\000.\0001\0000\000.\0004\000.\0001\000\040\000u\000i}{subsection.8.10.4}% 262
\BOOKMARK [1][-]{section.8.11}{\376\377\0008\000.\0001\0001\000\040\000M\000a\000r\000k\000o\000v\000:\000:\000R\000a\000n\000d\000o\000m\000:\000:\000M\000a\000r\000s\000a\000g\000l\000i\000a\000\040\000C\000l\000a\000s\000s\000\040\000R\000e\000f\000e\000r\000e\000n\000c\000e}{chapter.8}% 263
\BOOKMARK [2][-]{subsection.8.11.1}{\376\377\0008\000.\0001\0001\000.\0001\000\040\000D\000e\000t\000a\000i\000l\000e\000d\000\040\000D\000e\000s\000c\000r\000i\000p\000t\000i\000o\000n}{section.8.11}% 264
\BOOKMARK [2][-]{subsection.8.11.2}{\376\377\0008\000.\0001\0001\000.\0002\000\040\000C\000o\000n\000s\000t\000r\000u\000c\000t\000o\000r\000\040\000\046\000\040\000D\000e\000s\000t\000r\000u\000c\000t\000o\000r\000\040\000D\000o\000c\000u\000m\000e\000n\000t\000a\000t\000i\000o\000n}{section.8.11}% 265
\BOOKMARK [3][-]{subsubsection.8.11.2.1}{\376\377\0008\000.\0001\0001\000.\0002\000.\0001\000\040\000M\000a\000r\000s\000a\000g\000l\000i\000a\000\050\000\051}{subsection.8.11.2}% 266
\BOOKMARK [2][-]{subsection.8.11.3}{\376\377\0008\000.\0001\0001\000.\0003\000\040\000M\000e\000m\000b\000e\000r\000\040\000F\000u\000n\000c\000t\000i\000o\000n\000\040\000D\000o\000c\000u\000m\000e\000n\000t\000a\000t\000i\000o\000n}{section.8.11}% 267
\BOOKMARK [3][-]{subsubsection.8.11.3.1}{\376\377\0008\000.\0001\0001\000.\0003\000.\0001\000\040\000d\000i\000s\000t\000r\000i\000b\000u\000t\000i\000o\000n\000\050\000\051}{subsection.8.11.3}% 268
\BOOKMARK [3][-]{subsubsection.8.11.3.2}{\376\377\0008\000.\0001\0001\000.\0003\000.\0002\000\040\000g\000e\000n\000e\000r\000a\000t\000o\000r\000\050\000\051}{subsection.8.11.3}% 269
\BOOKMARK [3][-]{subsubsection.8.11.3.3}{\376\377\0008\000.\0001\0001\000.\0003\000.\0003\000\040\000r\000a\000n\000d\000o\000m\000\050\000\051}{subsection.8.11.3}% 270
\BOOKMARK [3][-]{subsubsection.8.11.3.4}{\376\377\0008\000.\0001\0001\000.\0003\000.\0004\000\040\000r\000d\000\050\000\051}{subsection.8.11.3}% 271
\BOOKMARK [2][-]{subsection.8.11.4}{\376\377\0008\000.\0001\0001\000.\0004\000\040\000M\000e\000m\000b\000e\000r\000\040\000D\000a\000t\000a\000\040\000D\000o\000c\000u\000m\000e\000n\000t\000a\000t\000i\000o\000n}{section.8.11}% 272
\BOOKMARK [3][-]{subsubsection.8.11.4.1}{\376\377\0008\000.\0001\0001\000.\0004\000.\0001\000\040\000x}{subsection.8.11.4}% 273
\BOOKMARK [3][-]{subsubsection.8.11.4.2}{\376\377\0008\000.\0001\0001\000.\0004\000.\0002\000\040\000y}{subsection.8.11.4}% 274
\BOOKMARK [3][-]{subsubsection.8.11.4.3}{\376\377\0008\000.\0001\0001\000.\0004\000.\0003\000\040\000z}{subsection.8.11.4}% 275
\BOOKMARK [1][-]{section.8.12}{\376\377\0008\000.\0001\0002\000\040\000M\000a\000r\000k\000o\000v\000:\000:\000G\000U\000I\000:\000:\000m\000e\000n\000u\000\040\000C\000l\000a\000s\000s\000\040\000R\000e\000f\000e\000r\000e\000n\000c\000e}{chapter.8}% 276
\BOOKMARK [2][-]{subsection.8.12.1}{\376\377\0008\000.\0001\0002\000.\0001\000\040\000D\000e\000t\000a\000i\000l\000e\000d\000\040\000D\000e\000s\000c\000r\000i\000p\000t\000i\000o\000n}{section.8.12}% 277
\BOOKMARK [2][-]{subsection.8.12.2}{\376\377\0008\000.\0001\0002\000.\0002\000\040\000C\000o\000n\000s\000t\000r\000u\000c\000t\000o\000r\000\040\000\046\000\040\000D\000e\000s\000t\000r\000u\000c\000t\000o\000r\000\040\000D\000o\000c\000u\000m\000e\000n\000t\000a\000t\000i\000o\000n}{section.8.12}% 278
\BOOKMARK [3][-]{subsubsection.8.12.2.1}{\376\377\0008\000.\0001\0002\000.\0002\000.\0001\000\040\000m\000e\000n\000u\000\050\000\051}{subsection.8.12.2}% 279
\BOOKMARK [2][-]{subsection.8.12.3}{\376\377\0008\000.\0001\0002\000.\0003\000\040\000M\000e\000m\000b\000e\000r\000\040\000F\000u\000n\000c\000t\000i\000o\000n\000\040\000D\000o\000c\000u\000m\000e\000n\000t\000a\000t\000i\000o\000n}{section.8.12}% 280
\BOOKMARK [3][-]{subsubsection.8.12.3.1}{\376\377\0008\000.\0001\0002\000.\0003\000.\0001\000\040\000a\000b\000o\000u\000t}{subsection.8.12.3}% 281
\BOOKMARK [3][-]{subsubsection.8.12.3.2}{\376\377\0008\000.\0001\0002\000.\0003\000.\0002\000\040\000v\000i\000s\000u\000a\000l\000i\000z\000a\000t\000i\000o\000n}{subsection.8.12.3}% 282
\BOOKMARK [2][-]{subsection.8.12.4}{\376\377\0008\000.\0001\0002\000.\0004\000\040\000M\000e\000m\000b\000e\000r\000\040\000D\000a\000t\000a\000\040\000D\000o\000c\000u\000m\000e\000n\000t\000a\000t\000i\000o\000n}{section.8.12}% 283
\BOOKMARK [3][-]{subsubsection.8.12.4.1}{\376\377\0008\000.\0001\0002\000.\0004\000.\0001\000\040\000u\000i}{subsection.8.12.4}% 284
\BOOKMARK [1][-]{section.8.13}{\376\377\0008\000.\0001\0003\000\040\000M\000a\000r\000k\000o\000v\000:\000:\000R\000a\000n\000d\000o\000m\000:\000:\000M\000e\000r\000s\000e\000n\000n\000e\000\040\000C\000l\000a\000s\000s\000\040\000R\000e\000f\000e\000r\000e\000n\000c\000e}{chapter.8}% 285
\BOOKMARK [2][-]{subsection.8.13.1}{\376\377\0008\000.\0001\0003\000.\0001\000\040\000D\000e\000t\000a\000i\000l\000e\000d\000\040\000D\000e\000s\000c\000r\000i\000p\000t\000i\000o\000n}{section.8.13}% 286
\BOOKMARK [2][-]{subsection.8.13.2}{\376\377\0008\000.\0001\0003\000.\0002\000\040\000M\000e\000m\000b\000e\000r\000\040\000F\000u\000n\000c\000t\000i\000o\000n\000\040\000D\000o\000c\000u\000m\000e\000n\000t\000a\000t\000i\000o\000n}{section.8.13}% 287
\BOOKMARK [3][-]{subsubsection.8.13.2.1}{\376\377\0008\000.\0001\0003\000.\0002\000.\0001\000\040\000d\000i\000s\000t\000r\000i\000b\000u\000t\000i\000o\000n\000\050\000\051}{subsection.8.13.2}% 288
\BOOKMARK [3][-]{subsubsection.8.13.2.2}{\376\377\0008\000.\0001\0003\000.\0002\000.\0002\000\040\000g\000e\000n\000e\000r\000a\000t\000o\000r\000\050\000\051}{subsection.8.13.2}% 289
\BOOKMARK [3][-]{subsubsection.8.13.2.3}{\376\377\0008\000.\0001\0003\000.\0002\000.\0003\000\040\000r\000a\000n\000d\000o\000m\000\050\000\051}{subsection.8.13.2}% 290
\BOOKMARK [3][-]{subsubsection.8.13.2.4}{\376\377\0008\000.\0001\0003\000.\0002\000.\0004\000\040\000r\000d\000\050\000\051}{subsection.8.13.2}% 291
\BOOKMARK [1][-]{section.8.14}{\376\377\0008\000.\0001\0004\000\040\000M\000a\000r\000k\000o\000v\000:\000:\000M\000o\000d\000e\000l\000<\000\040\000N\000o\000d\000e\000S\000t\000o\000r\000a\000g\000e\000T\000y\000p\000e\000\040\000>\000\040\000C\000l\000a\000s\000s\000\040\000T\000e\000m\000p\000l\000a\000t\000e\000\040\000R\000e\000f\000e\000r\000e\000n\000c\000e}{chapter.8}% 292
\BOOKMARK [2][-]{subsection.8.14.1}{\376\377\0008\000.\0001\0004\000.\0001\000\040\000D\000e\000t\000a\000i\000l\000e\000d\000\040\000D\000e\000s\000c\000r\000i\000p\000t\000i\000o\000n}{section.8.14}% 293
\BOOKMARK [2][-]{subsection.8.14.2}{\376\377\0008\000.\0001\0004\000.\0002\000\040\000C\000o\000n\000s\000t\000r\000u\000c\000t\000o\000r\000\040\000\046\000\040\000D\000e\000s\000t\000r\000u\000c\000t\000o\000r\000\040\000D\000o\000c\000u\000m\000e\000n\000t\000a\000t\000i\000o\000n}{section.8.14}% 294
\BOOKMARK [3][-]{subsubsection.8.14.2.1}{\376\377\0008\000.\0001\0004\000.\0002\000.\0001\000\040\000M\000o\000d\000e\000l\000\050\000\051}{subsection.8.14.2}% 295
\BOOKMARK [2][-]{subsection.8.14.3}{\376\377\0008\000.\0001\0004\000.\0003\000\040\000M\000e\000m\000b\000e\000r\000\040\000F\000u\000n\000c\000t\000i\000o\000n\000\040\000D\000o\000c\000u\000m\000e\000n\000t\000a\000t\000i\000o\000n}{section.8.14}% 296
\BOOKMARK [3][-]{subsubsection.8.14.3.1}{\376\377\0008\000.\0001\0004\000.\0003\000.\0001\000\040\000A\000d\000j\000u\000s\000t\000E\000d\000g\000e\000\050\000\051}{subsection.8.14.3}% 297
\BOOKMARK [3][-]{subsubsection.8.14.3.2}{\376\377\0008\000.\0001\0004\000.\0003\000.\0002\000\040\000E\000d\000g\000e\000s\000\050\000\051}{subsection.8.14.3}% 298
\BOOKMARK [3][-]{subsubsection.8.14.3.3}{\376\377\0008\000.\0001\0004\000.\0003\000.\0003\000\040\000E\000x\000p\000o\000r\000t\000\050\000\051\000\040\000[\0001\000/\0002\000]}{subsection.8.14.3}% 299
\BOOKMARK [3][-]{subsubsection.8.14.3.4}{\376\377\0008\000.\0001\0004\000.\0003\000.\0004\000\040\000E\000x\000p\000o\000r\000t\000\050\000\051\000\040\000[\0002\000/\0002\000]}{subsection.8.14.3}% 300
\BOOKMARK [3][-]{subsubsection.8.14.3.5}{\376\377\0008\000.\0001\0004\000.\0003\000.\0005\000\040\000I\000m\000p\000o\000r\000t\000\050\000\051\000\040\000[\0001\000/\0002\000]}{subsection.8.14.3}% 301
\BOOKMARK [3][-]{subsubsection.8.14.3.6}{\376\377\0008\000.\0001\0004\000.\0003\000.\0006\000\040\000I\000m\000p\000o\000r\000t\000\050\000\051\000\040\000[\0002\000/\0002\000]}{subsection.8.14.3}% 302
\BOOKMARK [3][-]{subsubsection.8.14.3.7}{\376\377\0008\000.\0001\0004\000.\0003\000.\0007\000\040\000N\000o\000d\000e\000s\000\050\000\051}{subsection.8.14.3}% 303
\BOOKMARK [3][-]{subsubsection.8.14.3.8}{\376\377\0008\000.\0001\0004\000.\0003\000.\0008\000\040\000R\000a\000n\000d\000o\000m\000W\000a\000l\000k\000\050\000\051}{subsection.8.14.3}% 304
\BOOKMARK [3][-]{subsubsection.8.14.3.9}{\376\377\0008\000.\0001\0004\000.\0003\000.\0009\000\040\000S\000t\000a\000r\000t\000e\000r\000N\000o\000d\000e\000\050\000\051}{subsection.8.14.3}% 305
\BOOKMARK [2][-]{subsection.8.14.4}{\376\377\0008\000.\0001\0004\000.\0004\000\040\000M\000e\000m\000b\000e\000r\000\040\000D\000a\000t\000a\000\040\000D\000o\000c\000u\000m\000e\000n\000t\000a\000t\000i\000o\000n}{section.8.14}% 306
\BOOKMARK [3][-]{subsubsection.8.14.4.1}{\376\377\0008\000.\0001\0004\000.\0004\000.\0001\000\040\000e\000d\000g\000e\000s}{subsection.8.14.4}% 307
\BOOKMARK [3][-]{subsubsection.8.14.4.2}{\376\377\0008\000.\0001\0004\000.\0004\000.\0002\000\040\000n\000o\000d\000e\000s}{subsection.8.14.4}% 308
\BOOKMARK [3][-]{subsubsection.8.14.4.3}{\376\377\0008\000.\0001\0004\000.\0004\000.\0003\000\040\000s\000t\000a\000r\000t\000e\000r\000N\000o\000d\000e}{subsection.8.14.4}% 309
\BOOKMARK [1][-]{section.8.15}{\376\377\0008\000.\0001\0005\000\040\000M\000a\000r\000k\000o\000v\000:\000:\000A\000P\000I\000:\000:\000M\000o\000d\000e\000l\000M\000a\000t\000r\000i\000x\000\040\000C\000l\000a\000s\000s\000\040\000R\000e\000f\000e\000r\000e\000n\000c\000e}{chapter.8}% 310
\BOOKMARK [2][-]{subsection.8.15.1}{\376\377\0008\000.\0001\0005\000.\0001\000\040\000D\000e\000t\000a\000i\000l\000e\000d\000\040\000D\000e\000s\000c\000r\000i\000p\000t\000i\000o\000n}{section.8.15}% 311
\BOOKMARK [2][-]{subsection.8.15.2}{\376\377\0008\000.\0001\0005\000.\0002\000\040\000C\000o\000n\000s\000t\000r\000u\000c\000t\000o\000r\000\040\000\046\000\040\000D\000e\000s\000t\000r\000u\000c\000t\000o\000r\000\040\000D\000o\000c\000u\000m\000e\000n\000t\000a\000t\000i\000o\000n}{section.8.15}% 312
\BOOKMARK [3][-]{subsubsection.8.15.2.1}{\376\377\0008\000.\0001\0005\000.\0002\000.\0001\000\040\000M\000o\000d\000e\000l\000M\000a\000t\000r\000i\000x\000\050\000\051}{subsection.8.15.2}% 313
\BOOKMARK [2][-]{subsection.8.15.3}{\376\377\0008\000.\0001\0005\000.\0003\000\040\000M\000e\000m\000b\000e\000r\000\040\000F\000u\000n\000c\000t\000i\000o\000n\000\040\000D\000o\000c\000u\000m\000e\000n\000t\000a\000t\000i\000o\000n}{section.8.15}% 314
\BOOKMARK [3][-]{subsubsection.8.15.3.1}{\376\377\0008\000.\0001\0005\000.\0003\000.\0001\000\040\000A\000d\000j\000u\000s\000t\000E\000d\000g\000e\000\050\000\051}{subsection.8.15.3}% 315
\BOOKMARK [3][-]{subsubsection.8.15.3.2}{\376\377\0008\000.\0001\0005\000.\0003\000.\0002\000\040\000C\000o\000n\000s\000t\000r\000u\000c\000t\000M\000a\000t\000r\000i\000x\000\050\000\051}{subsection.8.15.3}% 316
\BOOKMARK [3][-]{subsubsection.8.15.3.3}{\376\377\0008\000.\0001\0005\000.\0003\000.\0003\000\040\000D\000u\000m\000p\000J\000S\000O\000N\000\050\000\051}{subsection.8.15.3}% 317
\BOOKMARK [3][-]{subsubsection.8.15.3.4}{\376\377\0008\000.\0001\0005\000.\0003\000.\0004\000\040\000E\000d\000g\000e\000s\000\050\000\051}{subsection.8.15.3}% 318
\BOOKMARK [3][-]{subsubsection.8.15.3.5}{\376\377\0008\000.\0001\0005\000.\0003\000.\0005\000\040\000E\000x\000p\000o\000r\000t\000\050\000\051\000\040\000[\0001\000/\0002\000]}{subsection.8.15.3}% 319
\BOOKMARK [3][-]{subsubsection.8.15.3.6}{\376\377\0008\000.\0001\0005\000.\0003\000.\0006\000\040\000E\000x\000p\000o\000r\000t\000\050\000\051\000\040\000[\0002\000/\0002\000]}{subsection.8.15.3}% 320
\BOOKMARK [3][-]{subsubsection.8.15.3.7}{\376\377\0008\000.\0001\0005\000.\0003\000.\0007\000\040\000F\000a\000s\000t\000R\000a\000n\000d\000o\000m\000W\000a\000l\000k\000\050\000\051}{subsection.8.15.3}% 321
\BOOKMARK [3][-]{subsubsection.8.15.3.8}{\376\377\0008\000.\0001\0005\000.\0003\000.\0008\000\040\000F\000a\000s\000t\000R\000a\000n\000d\000o\000m\000W\000a\000l\000k\000P\000a\000r\000t\000i\000t\000i\000o\000n\000\050\000\051}{subsection.8.15.3}% 322
\BOOKMARK [3][-]{subsubsection.8.15.3.9}{\376\377\0008\000.\0001\0005\000.\0003\000.\0009\000\040\000F\000a\000s\000t\000R\000a\000n\000d\000o\000m\000W\000a\000l\000k\000T\000h\000r\000e\000a\000d\000\050\000\051}{subsection.8.15.3}% 323
\BOOKMARK [3][-]{subsubsection.8.15.3.10}{\376\377\0008\000.\0001\0005\000.\0003\000.\0001\0000\000\040\000G\000e\000n\000e\000r\000a\000t\000e\000\050\000\051}{subsection.8.15.3}% 324
\BOOKMARK [3][-]{subsubsection.8.15.3.11}{\376\377\0008\000.\0001\0005\000.\0003\000.\0001\0001\000\040\000G\000e\000n\000e\000r\000a\000t\000e\000T\000h\000r\000e\000a\000d\000\050\000\051}{subsection.8.15.3}% 325
\BOOKMARK [3][-]{subsubsection.8.15.3.12}{\376\377\0008\000.\0001\0005\000.\0003\000.\0001\0002\000\040\000I\000m\000p\000o\000r\000t\000\050\000\051\000\040\000[\0001\000/\0002\000]}{subsection.8.15.3}% 326
\BOOKMARK [3][-]{subsubsection.8.15.3.13}{\376\377\0008\000.\0001\0005\000.\0003\000.\0001\0003\000\040\000I\000m\000p\000o\000r\000t\000\050\000\051\000\040\000[\0002\000/\0002\000]}{subsection.8.15.3}% 327
\BOOKMARK [3][-]{subsubsection.8.15.3.14}{\376\377\0008\000.\0001\0005\000.\0003\000.\0001\0004\000\040\000N\000o\000d\000e\000s\000\050\000\051}{subsection.8.15.3}% 328
\BOOKMARK [3][-]{subsubsection.8.15.3.15}{\376\377\0008\000.\0001\0005\000.\0003\000.\0001\0005\000\040\000O\000p\000e\000n\000D\000a\000t\000a\000s\000e\000t\000F\000i\000l\000e\000\050\000\051}{subsection.8.15.3}% 329
\BOOKMARK [3][-]{subsubsection.8.15.3.16}{\376\377\0008\000.\0001\0005\000.\0003\000.\0001\0006\000\040\000R\000a\000n\000d\000o\000m\000W\000a\000l\000k\000\050\000\051}{subsection.8.15.3}% 330
\BOOKMARK [3][-]{subsubsection.8.15.3.17}{\376\377\0008\000.\0001\0005\000.\0003\000.\0001\0007\000\040\000S\000a\000v\000e\000\050\000\051}{subsection.8.15.3}% 331
\BOOKMARK [3][-]{subsubsection.8.15.3.18}{\376\377\0008\000.\0001\0005\000.\0003\000.\0001\0008\000\040\000S\000t\000a\000r\000t\000e\000r\000N\000o\000d\000e\000\050\000\051}{subsection.8.15.3}% 332
\BOOKMARK [3][-]{subsubsection.8.15.3.19}{\376\377\0008\000.\0001\0005\000.\0003\000.\0001\0009\000\040\000T\000r\000a\000i\000n\000\050\000\051}{subsection.8.15.3}% 333
\BOOKMARK [3][-]{subsubsection.8.15.3.20}{\376\377\0008\000.\0001\0005\000.\0003\000.\0002\0000\000\040\000T\000r\000a\000i\000n\000T\000h\000r\000e\000a\000d\000\050\000\051}{subsection.8.15.3}% 334
\BOOKMARK [2][-]{subsection.8.15.4}{\376\377\0008\000.\0001\0005\000.\0004\000\040\000M\000e\000m\000b\000e\000r\000\040\000D\000a\000t\000a\000\040\000D\000o\000c\000u\000m\000e\000n\000t\000a\000t\000i\000o\000n}{section.8.15}% 335
\BOOKMARK [3][-]{subsubsection.8.15.4.1}{\376\377\0008\000.\0001\0005\000.\0004\000.\0001\000\040\000d\000a\000t\000a\000s\000e\000t\000F\000i\000l\000e}{subsection.8.15.4}% 336
\BOOKMARK [3][-]{subsubsection.8.15.4.2}{\376\377\0008\000.\0001\0005\000.\0004\000.\0002\000\040\000e\000d\000g\000e\000M\000a\000t\000r\000i\000x}{subsection.8.15.4}% 337
\BOOKMARK [3][-]{subsubsection.8.15.4.3}{\376\377\0008\000.\0001\0005\000.\0004\000.\0003\000\040\000e\000d\000g\000e\000s}{subsection.8.15.4}% 338
\BOOKMARK [3][-]{subsubsection.8.15.4.4}{\376\377\0008\000.\0001\0005\000.\0004\000.\0004\000\040\000m\000a\000t\000r\000i\000x\000I\000n\000d\000e\000x}{subsection.8.15.4}% 339
\BOOKMARK [3][-]{subsubsection.8.15.4.5}{\376\377\0008\000.\0001\0005\000.\0004\000.\0005\000\040\000m\000a\000t\000r\000i\000x\000S\000i\000z\000e}{subsection.8.15.4}% 340
\BOOKMARK [3][-]{subsubsection.8.15.4.6}{\376\377\0008\000.\0001\0005\000.\0004\000.\0006\000\040\000m\000o\000d\000e\000l\000S\000a\000v\000e\000f\000i\000l\000e}{subsection.8.15.4}% 341
\BOOKMARK [3][-]{subsubsection.8.15.4.7}{\376\377\0008\000.\0001\0005\000.\0004\000.\0007\000\040\000n\000o\000d\000e\000s}{subsection.8.15.4}% 342
\BOOKMARK [3][-]{subsubsection.8.15.4.8}{\376\377\0008\000.\0001\0005\000.\0004\000.\0008\000\040\000o\000u\000t\000p\000u\000t\000F\000i\000l\000e}{subsection.8.15.4}% 343
\BOOKMARK [3][-]{subsubsection.8.15.4.9}{\376\377\0008\000.\0001\0005\000.\0004\000.\0009\000\040\000s\000t\000a\000r\000t\000e\000r\000N\000o\000d\000e}{subsection.8.15.4}% 344
\BOOKMARK [3][-]{subsubsection.8.15.4.10}{\376\377\0008\000.\0001\0005\000.\0004\000.\0001\0000\000\040\000t\000o\000t\000a\000l\000E\000d\000g\000e\000W\000e\000i\000g\000h\000t\000s}{subsection.8.15.4}% 345
\BOOKMARK [3][-]{subsubsection.8.15.4.11}{\376\377\0008\000.\0001\0005\000.\0004\000.\0001\0001\000\040\000v\000a\000l\000u\000e\000M\000a\000t\000r\000i\000x}{subsection.8.15.4}% 346
\BOOKMARK [1][-]{section.8.16}{\376\377\0008\000.\0001\0006\000\040\000M\000a\000r\000k\000o\000v\000:\000:\000N\000o\000d\000e\000<\000\040\000s\000t\000o\000r\000a\000g\000e\000T\000y\000p\000e\000\040\000>\000\040\000C\000l\000a\000s\000s\000\040\000T\000e\000m\000p\000l\000a\000t\000e\000\040\000R\000e\000f\000e\000r\000e\000n\000c\000e}{chapter.8}% 347
\BOOKMARK [2][-]{subsection.8.16.1}{\376\377\0008\000.\0001\0006\000.\0001\000\040\000D\000e\000t\000a\000i\000l\000e\000d\000\040\000D\000e\000s\000c\000r\000i\000p\000t\000i\000o\000n}{section.8.16}% 348
\BOOKMARK [2][-]{subsection.8.16.2}{\376\377\0008\000.\0001\0006\000.\0002\000\040\000C\000o\000n\000s\000t\000r\000u\000c\000t\000o\000r\000\040\000\046\000\040\000D\000e\000s\000t\000r\000u\000c\000t\000o\000r\000\040\000D\000o\000c\000u\000m\000e\000n\000t\000a\000t\000i\000o\000n}{section.8.16}% 349
\BOOKMARK [3][-]{subsubsection.8.16.2.1}{\376\377\0008\000.\0001\0006\000.\0002\000.\0001\000\040\000N\000o\000d\000e\000\050\000\051\000\040\000[\0001\000/\0002\000]}{subsection.8.16.2}% 350
\BOOKMARK [3][-]{subsubsection.8.16.2.2}{\376\377\0008\000.\0001\0006\000.\0002\000.\0002\000\040\000N\000o\000d\000e\000\050\000\051\000\040\000[\0002\000/\0002\000]}{subsection.8.16.2}% 351
\BOOKMARK [2][-]{subsection.8.16.3}{\376\377\0008\000.\0001\0006\000.\0003\000\040\000M\000e\000m\000b\000e\000r\000\040\000F\000u\000n\000c\000t\000i\000o\000n\000\040\000D\000o\000c\000u\000m\000e\000n\000t\000a\000t\000i\000o\000n}{section.8.16}% 352
\BOOKMARK [3][-]{subsubsection.8.16.3.1}{\376\377\0008\000.\0001\0006\000.\0003\000.\0001\000\040\000E\000d\000g\000e\000s\000\050\000\051}{subsection.8.16.3}% 353
\BOOKMARK [3][-]{subsubsection.8.16.3.2}{\376\377\0008\000.\0001\0006\000.\0003\000.\0002\000\040\000F\000i\000n\000d\000E\000d\000g\000e\000\050\000\051\000\040\000[\0001\000/\0002\000]}{subsection.8.16.3}% 354
\BOOKMARK [3][-]{subsubsection.8.16.3.3}{\376\377\0008\000.\0001\0006\000.\0003\000.\0003\000\040\000F\000i\000n\000d\000E\000d\000g\000e\000\050\000\051\000\040\000[\0002\000/\0002\000]}{subsection.8.16.3}% 355
\BOOKMARK [3][-]{subsubsection.8.16.3.4}{\376\377\0008\000.\0001\0006\000.\0003\000.\0004\000\040\000L\000i\000n\000k\000\050\000\051\000\040\000[\0001\000/\0002\000]}{subsection.8.16.3}% 356
\BOOKMARK [3][-]{subsubsection.8.16.3.5}{\376\377\0008\000.\0001\0006\000.\0003\000.\0005\000\040\000L\000i\000n\000k\000\050\000\051\000\040\000[\0002\000/\0002\000]}{subsection.8.16.3}% 357
\BOOKMARK [3][-]{subsubsection.8.16.3.6}{\376\377\0008\000.\0001\0006\000.\0003\000.\0006\000\040\000N\000o\000d\000e\000V\000a\000l\000u\000e\000\050\000\051}{subsection.8.16.3}% 358
\BOOKMARK [3][-]{subsubsection.8.16.3.7}{\376\377\0008\000.\0001\0006\000.\0003\000.\0007\000\040\000R\000a\000n\000d\000o\000m\000N\000e\000x\000t\000\050\000\051}{subsection.8.16.3}% 359
\BOOKMARK [3][-]{subsubsection.8.16.3.8}{\376\377\0008\000.\0001\0006\000.\0003\000.\0008\000\040\000T\000o\000t\000a\000l\000E\000d\000g\000e\000W\000e\000i\000g\000h\000t\000s\000\050\000\051}{subsection.8.16.3}% 360
\BOOKMARK [3][-]{subsubsection.8.16.3.9}{\376\377\0008\000.\0001\0006\000.\0003\000.\0009\000\040\000U\000p\000d\000a\000t\000e\000E\000d\000g\000e\000s\000\050\000\051}{subsection.8.16.3}% 361
\BOOKMARK [3][-]{subsubsection.8.16.3.10}{\376\377\0008\000.\0001\0006\000.\0003\000.\0001\0000\000\040\000U\000p\000d\000a\000t\000e\000T\000o\000t\000a\000l\000V\000e\000r\000t\000i\000c\000e\000W\000e\000i\000g\000h\000t\000\050\000\051}{subsection.8.16.3}% 362
\BOOKMARK [2][-]{subsection.8.16.4}{\376\377\0008\000.\0001\0006\000.\0004\000\040\000M\000e\000m\000b\000e\000r\000\040\000D\000a\000t\000a\000\040\000D\000o\000c\000u\000m\000e\000n\000t\000a\000t\000i\000o\000n}{section.8.16}% 363
\BOOKMARK [3][-]{subsubsection.8.16.4.1}{\376\377\0008\000.\0001\0006\000.\0004\000.\0001\000\040\000\137\000v\000a\000l\000u\000e}{subsection.8.16.4}% 364
\BOOKMARK [3][-]{subsubsection.8.16.4.2}{\376\377\0008\000.\0001\0006\000.\0004\000.\0002\000\040\000e\000d\000g\000e\000s}{subsection.8.16.4}% 365
\BOOKMARK [3][-]{subsubsection.8.16.4.3}{\376\377\0008\000.\0001\0006\000.\0004\000.\0003\000\040\000e\000d\000g\000e\000s\000V}{subsection.8.16.4}% 366
\BOOKMARK [3][-]{subsubsection.8.16.4.4}{\376\377\0008\000.\0001\0006\000.\0004\000.\0004\000\040\000t\000o\000t\000a\000l\000\137\000e\000d\000g\000e\000\137\000w\000e\000i\000g\000h\000t\000s}{subsection.8.16.4}% 367
\BOOKMARK [1][-]{section.8.17}{\376\377\0008\000.\0001\0007\000\040\000M\000a\000r\000k\000o\000v\000:\000:\000R\000a\000n\000d\000o\000m\000:\000:\000R\000a\000n\000d\000o\000m\000E\000n\000g\000i\000n\000e\000\040\000C\000l\000a\000s\000s\000\040\000R\000e\000f\000e\000r\000e\000n\000c\000e}{chapter.8}% 368
\BOOKMARK [2][-]{subsection.8.17.1}{\376\377\0008\000.\0001\0007\000.\0001\000\040\000D\000e\000t\000a\000i\000l\000e\000d\000\040\000D\000e\000s\000c\000r\000i\000p\000t\000i\000o\000n}{section.8.17}% 369
\BOOKMARK [2][-]{subsection.8.17.2}{\376\377\0008\000.\0001\0007\000.\0002\000\040\000M\000e\000m\000b\000e\000r\000\040\000F\000u\000n\000c\000t\000i\000o\000n\000\040\000D\000o\000c\000u\000m\000e\000n\000t\000a\000t\000i\000o\000n}{section.8.17}% 370
\BOOKMARK [3][-]{subsubsection.8.17.2.1}{\376\377\0008\000.\0001\0007\000.\0002\000.\0001\000\040\000r\000a\000n\000d\000o\000m\000\050\000\051}{subsection.8.17.2}% 371
\BOOKMARK [1][-]{section.8.18}{\376\377\0008\000.\0001\0008\000\040\000M\000a\000r\000k\000o\000v\000:\000:\000A\000P\000I\000:\000:\000C\000L\000I\000:\000:\000T\000e\000r\000m\000i\000n\000a\000l\000\040\000C\000l\000a\000s\000s\000\040\000R\000e\000f\000e\000r\000e\000n\000c\000e}{chapter.8}% 372
\BOOKMARK [2][-]{subsection.8.18.1}{\376\377\0008\000.\0001\0008\000.\0001\000\040\000D\000e\000t\000a\000i\000l\000e\000d\000\040\000D\000e\000s\000c\000r\000i\000p\000t\000i\000o\000n}{section.8.18}% 373
\BOOKMARK [2][-]{subsection.8.18.2}{\376\377\0008\000.\0001\0008\000.\0002\000\040\000M\000e\000m\000b\000e\000r\000\040\000E\000n\000u\000m\000e\000r\000a\000t\000i\000o\000n\000\040\000D\000o\000c\000u\000m\000e\000n\000t\000a\000t\000i\000o\000n}{section.8.18}% 374
\BOOKMARK [3][-]{subsubsection.8.18.2.1}{\376\377\0008\000.\0001\0008\000.\0002\000.\0001\000\040\000c\000o\000l\000o\000r}{subsection.8.18.2}% 375
\BOOKMARK [2][-]{subsection.8.18.3}{\376\377\0008\000.\0001\0008\000.\0003\000\040\000C\000o\000n\000s\000t\000r\000u\000c\000t\000o\000r\000\040\000\046\000\040\000D\000e\000s\000t\000r\000u\000c\000t\000o\000r\000\040\000D\000o\000c\000u\000m\000e\000n\000t\000a\000t\000i\000o\000n}{section.8.18}% 376
\BOOKMARK [3][-]{subsubsection.8.18.3.1}{\376\377\0008\000.\0001\0008\000.\0003\000.\0001\000\040\000T\000e\000r\000m\000i\000n\000a\000l\000\050\000\051}{subsection.8.18.3}% 377
\BOOKMARK [2][-]{subsection.8.18.4}{\376\377\0008\000.\0001\0008\000.\0004\000\040\000M\000e\000m\000b\000e\000r\000\040\000D\000a\000t\000a\000\040\000D\000o\000c\000u\000m\000e\000n\000t\000a\000t\000i\000o\000n}{section.8.18}% 378
\BOOKMARK [3][-]{subsubsection.8.18.4.1}{\376\377\0008\000.\0001\0008\000.\0004\000.\0001\000\040\000c\000o\000l\000o\000r\000m\000a\000p}{subsection.8.18.4}% 379
\BOOKMARK [3][-]{subsubsection.8.18.4.2}{\376\377\0008\000.\0001\0008\000.\0004\000.\0002\000\040\000e\000n\000d\000l}{subsection.8.18.4}% 380
\BOOKMARK [1][-]{section.8.19}{\376\377\0008\000.\0001\0009\000\040\000M\000a\000r\000k\000o\000v\000:\000:\000A\000P\000I\000:\000:\000C\000o\000n\000c\000u\000r\000r\000e\000n\000c\000y\000:\000:\000T\000h\000r\000e\000a\000d\000S\000h\000a\000r\000e\000d\000L\000i\000s\000t\000H\000a\000n\000d\000l\000e\000r\000\040\000C\000l\000a\000s\000s\000\040\000R\000e\000f\000e\000r\000e\000n\000c\000e}{chapter.8}% 381
\BOOKMARK [2][-]{subsection.8.19.1}{\376\377\0008\000.\0001\0009\000.\0001\000\040\000D\000e\000t\000a\000i\000l\000e\000d\000\040\000D\000e\000s\000c\000r\000i\000p\000t\000i\000o\000n}{section.8.19}% 382
\BOOKMARK [2][-]{subsection.8.19.2}{\376\377\0008\000.\0001\0009\000.\0002\000\040\000C\000o\000n\000s\000t\000r\000u\000c\000t\000o\000r\000\040\000\046\000\040\000D\000e\000s\000t\000r\000u\000c\000t\000o\000r\000\040\000D\000o\000c\000u\000m\000e\000n\000t\000a\000t\000i\000o\000n}{section.8.19}% 383
\BOOKMARK [3][-]{subsubsection.8.19.2.1}{\376\377\0008\000.\0001\0009\000.\0002\000.\0001\000\040\000T\000h\000r\000e\000a\000d\000S\000h\000a\000r\000e\000d\000L\000i\000s\000t\000H\000a\000n\000d\000l\000e\000r\000\050\000\051}{subsection.8.19.2}% 384
\BOOKMARK [2][-]{subsection.8.19.3}{\376\377\0008\000.\0001\0009\000.\0003\000\040\000M\000e\000m\000b\000e\000r\000\040\000F\000u\000n\000c\000t\000i\000o\000n\000\040\000D\000o\000c\000u\000m\000e\000n\000t\000a\000t\000i\000o\000n}{section.8.19}% 385
\BOOKMARK [3][-]{subsubsection.8.19.3.1}{\376\377\0008\000.\0001\0009\000.\0003\000.\0001\000\040\000n\000e\000x\000t\000\050\000\051}{subsection.8.19.3}% 386
\BOOKMARK [2][-]{subsection.8.19.4}{\376\377\0008\000.\0001\0009\000.\0004\000\040\000M\000e\000m\000b\000e\000r\000\040\000D\000a\000t\000a\000\040\000D\000o\000c\000u\000m\000e\000n\000t\000a\000t\000i\000o\000n}{section.8.19}% 387
\BOOKMARK [3][-]{subsubsection.8.19.4.1}{\376\377\0008\000.\0001\0009\000.\0004\000.\0001\000\040\000l\000i\000s\000t\000f\000i\000l\000e}{subsection.8.19.4}% 388
\BOOKMARK [3][-]{subsubsection.8.19.4.2}{\376\377\0008\000.\0001\0009\000.\0004\000.\0002\000\040\000m\000l\000o\000c\000k}{subsection.8.19.4}% 389
\BOOKMARK [1][-]{section.8.20}{\376\377\0008\000.\0002\0000\000\040\000M\000a\000r\000k\000o\000v\000:\000:\000G\000U\000I\000:\000:\000T\000r\000a\000i\000n\000\040\000C\000l\000a\000s\000s\000\040\000R\000e\000f\000e\000r\000e\000n\000c\000e}{chapter.8}% 390
\BOOKMARK [2][-]{subsection.8.20.1}{\376\377\0008\000.\0002\0000\000.\0001\000\040\000D\000e\000t\000a\000i\000l\000e\000d\000\040\000D\000e\000s\000c\000r\000i\000p\000t\000i\000o\000n}{section.8.20}% 391
\BOOKMARK [2][-]{subsection.8.20.2}{\376\377\0008\000.\0002\0000\000.\0002\000\040\000C\000o\000n\000s\000t\000r\000u\000c\000t\000o\000r\000\040\000\046\000\040\000D\000e\000s\000t\000r\000u\000c\000t\000o\000r\000\040\000D\000o\000c\000u\000m\000e\000n\000t\000a\000t\000i\000o\000n}{section.8.20}% 392
\BOOKMARK [3][-]{subsubsection.8.20.2.1}{\376\377\0008\000.\0002\0000\000.\0002\000.\0001\000\040\000T\000r\000a\000i\000n\000\050\000\051}{subsection.8.20.2}% 393
\BOOKMARK [2][-]{subsection.8.20.3}{\376\377\0008\000.\0002\0000\000.\0003\000\040\000M\000e\000m\000b\000e\000r\000\040\000F\000u\000n\000c\000t\000i\000o\000n\000\040\000D\000o\000c\000u\000m\000e\000n\000t\000a\000t\000i\000o\000n}{section.8.20}% 394
\BOOKMARK [3][-]{subsubsection.8.20.3.1}{\376\377\0008\000.\0002\0000\000.\0003\000.\0001\000\040\000h\000o\000m\000e}{subsection.8.20.3}% 395
\BOOKMARK [3][-]{subsubsection.8.20.3.2}{\376\377\0008\000.\0002\0000\000.\0003\000.\0002\000\040\000t\000r\000a\000i\000n}{subsection.8.20.3}% 396
\BOOKMARK [2][-]{subsection.8.20.4}{\376\377\0008\000.\0002\0000\000.\0004\000\040\000M\000e\000m\000b\000e\000r\000\040\000D\000a\000t\000a\000\040\000D\000o\000c\000u\000m\000e\000n\000t\000a\000t\000i\000o\000n}{section.8.20}% 397
\BOOKMARK [3][-]{subsubsection.8.20.4.1}{\376\377\0008\000.\0002\0000\000.\0004\000.\0001\000\040\000u\000i}{subsection.8.20.4}% 398
\BOOKMARK [0][-]{chapter.9}{\376\377\0009\000\040\000F\000i\000l\000e\000\040\000D\000o\000c\000u\000m\000e\000n\000t\000a\000t\000i\000o\000n}{}% 399
\BOOKMARK [1][-]{section.9.1}{\376\377\0009\000.\0001\000\040\000a\000b\000o\000u\000t\000.\000h\000\040\000F\000i\000l\000e\000\040\000R\000e\000f\000e\000r\000e\000n\000c\000e}{chapter.9}% 400
\BOOKMARK [1][-]{section.9.2}{\376\377\0009\000.\0002\000\040\000a\000b\000o\000u\000t\000.\000h}{chapter.9}% 401
\BOOKMARK [1][-]{section.9.3}{\376\377\0009\000.\0003\000\040\000a\000r\000g\000p\000a\000r\000s\000e\000.\000c\000p\000p\000\040\000F\000i\000l\000e\000\040\000R\000e\000f\000e\000r\000e\000n\000c\000e}{chapter.9}% 402
\BOOKMARK [1][-]{section.9.4}{\376\377\0009\000.\0004\000\040\000a\000r\000g\000p\000a\000r\000s\000e\000.\000c\000p\000p}{chapter.9}% 403
\BOOKMARK [1][-]{section.9.5}{\376\377\0009\000.\0005\000\040\000a\000r\000g\000p\000a\000r\000s\000e\000.\000h\000\040\000F\000i\000l\000e\000\040\000R\000e\000f\000e\000r\000e\000n\000c\000e}{chapter.9}% 404
\BOOKMARK [2][-]{subsection.9.5.1}{\376\377\0009\000.\0005\000.\0001\000\040\000M\000a\000c\000r\000o\000\040\000D\000e\000f\000i\000n\000i\000t\000i\000o\000n\000\040\000D\000o\000c\000u\000m\000e\000n\000t\000a\000t\000i\000o\000n}{section.9.5}% 405
\BOOKMARK [3][-]{subsubsection.9.5.1.1}{\376\377\0009\000.\0005\000.\0001\000.\0001\000\040\000B\000O\000O\000S\000T\000\137\000A\000L\000L\000\137\000D\000Y\000N\000\137\000L\000I\000N\000K}{subsection.9.5.1}% 406
\BOOKMARK [1][-]{section.9.6}{\376\377\0009\000.\0006\000\040\000a\000r\000g\000p\000a\000r\000s\000e\000.\000h}{chapter.9}% 407
\BOOKMARK [1][-]{section.9.7}{\376\377\0009\000.\0007\000\040\000C\000L\000I\000.\000h\000\040\000F\000i\000l\000e\000\040\000R\000e\000f\000e\000r\000e\000n\000c\000e}{chapter.9}% 408
\BOOKMARK [1][-]{section.9.8}{\376\377\0009\000.\0008\000\040\000C\000L\000I\000.\000h}{chapter.9}% 409
\BOOKMARK [1][-]{section.9.9}{\376\377\0009\000.\0009\000\040\000c\000u\000d\000a\000D\000e\000v\000i\000c\000e\000C\000o\000n\000t\000r\000o\000l\000l\000e\000r\000.\000h\000\040\000F\000i\000l\000e\000\040\000R\000e\000f\000e\000r\000e\000n\000c\000e}{chapter.9}% 410
\BOOKMARK [1][-]{section.9.10}{\376\377\0009\000.\0001\0000\000\040\000c\000u\000d\000a\000D\000e\000v\000i\000c\000e\000C\000o\000n\000t\000r\000o\000l\000l\000e\000r\000.\000h}{chapter.9}% 411
\BOOKMARK [1][-]{section.9.11}{\376\377\0009\000.\0001\0001\000\040\000c\000u\000d\000a\000M\000o\000d\000e\000l\000M\000a\000t\000r\000i\000x\000.\000h\000\040\000F\000i\000l\000e\000\040\000R\000e\000f\000e\000r\000e\000n\000c\000e}{chapter.9}% 412
\BOOKMARK [1][-]{section.9.12}{\376\377\0009\000.\0001\0002\000\040\000c\000u\000d\000a\000M\000o\000d\000e\000l\000M\000a\000t\000r\000i\000x\000.\000h}{chapter.9}% 413
\BOOKMARK [1][-]{section.9.13}{\376\377\0009\000.\0001\0003\000\040\000d\000l\000l\000m\000a\000i\000n\000.\000c\000p\000p\000\040\000F\000i\000l\000e\000\040\000R\000e\000f\000e\000r\000e\000n\000c\000e}{chapter.9}% 414
\BOOKMARK [1][-]{section.9.14}{\376\377\0009\000.\0001\0004\000\040\000d\000l\000l\000m\000a\000i\000n\000.\000c\000p\000p}{chapter.9}% 415
\BOOKMARK [1][-]{section.9.15}{\376\377\0009\000.\0001\0005\000\040\000e\000d\000g\000e\000.\000h\000\040\000F\000i\000l\000e\000\040\000R\000e\000f\000e\000r\000e\000n\000c\000e}{chapter.9}% 416
\BOOKMARK [1][-]{section.9.16}{\376\377\0009\000.\0001\0006\000\040\000e\000d\000g\000e\000.\000h}{chapter.9}% 417
\BOOKMARK [1][-]{section.9.17}{\376\377\0009\000.\0001\0007\000\040\000f\000r\000a\000m\000e\000w\000o\000r\000k\000.\000h\000\040\000F\000i\000l\000e\000\040\000R\000e\000f\000e\000r\000e\000n\000c\000e}{chapter.9}% 418
\BOOKMARK [2][-]{subsection.9.17.1}{\376\377\0009\000.\0001\0007\000.\0001\000\040\000M\000a\000c\000r\000o\000\040\000D\000e\000f\000i\000n\000i\000t\000i\000o\000n\000\040\000D\000o\000c\000u\000m\000e\000n\000t\000a\000t\000i\000o\000n}{section.9.17}% 419
\BOOKMARK [3][-]{subsubsection.9.17.1.1}{\376\377\0009\000.\0001\0007\000.\0001\000.\0001\000\040\000W\000I\000N\0003\0002\000\137\000L\000E\000A\000N\000\137\000A\000N\000D\000\137\000M\000E\000A\000N}{subsection.9.17.1}% 420
\BOOKMARK [1][-]{section.9.18}{\376\377\0009\000.\0001\0008\000\040\000f\000r\000a\000m\000e\000w\000o\000r\000k\000.\000h}{chapter.9}% 421
\BOOKMARK [1][-]{section.9.19}{\376\377\0009\000.\0001\0009\000\040\000m\000a\000i\000n\000.\000c\000p\000p\000\040\000F\000i\000l\000e\000\040\000R\000e\000f\000e\000r\000e\000n\000c\000e}{chapter.9}% 422
\BOOKMARK [2][-]{subsection.9.19.1}{\376\377\0009\000.\0001\0009\000.\0001\000\040\000F\000u\000n\000c\000t\000i\000o\000n\000\040\000D\000o\000c\000u\000m\000e\000n\000t\000a\000t\000i\000o\000n}{section.9.19}% 423
\BOOKMARK [3][-]{subsubsection.9.19.1.1}{\376\377\0009\000.\0001\0009\000.\0001\000.\0001\000\040\000m\000a\000i\000n\000\050\000\051}{subsection.9.19.1}% 424
\BOOKMARK [1][-]{section.9.20}{\376\377\0009\000.\0002\0000\000\040\000s\000r\000c\000/\000m\000a\000i\000n\000.\000c\000p\000p}{chapter.9}% 425
\BOOKMARK [1][-]{section.9.21}{\376\377\0009\000.\0002\0001\000\040\000m\000a\000i\000n\000.\000c\000p\000p\000\040\000F\000i\000l\000e\000\040\000R\000e\000f\000e\000r\000e\000n\000c\000e}{chapter.9}% 426
\BOOKMARK [2][-]{subsection.9.21.1}{\376\377\0009\000.\0002\0001\000.\0001\000\040\000F\000u\000n\000c\000t\000i\000o\000n\000\040\000D\000o\000c\000u\000m\000e\000n\000t\000a\000t\000i\000o\000n}{section.9.21}% 427
\BOOKMARK [3][-]{subsubsection.9.21.1.1}{\376\377\0009\000.\0002\0001\000.\0001\000.\0001\000\040\000m\000a\000i\000n\000\050\000\051}{subsection.9.21.1}% 428
\BOOKMARK [1][-]{section.9.22}{\376\377\0009\000.\0002\0002\000\040\000U\000I\000/\000s\000r\000c\000/\000m\000a\000i\000n\000.\000c\000p\000p}{chapter.9}% 429
\BOOKMARK [1][-]{section.9.23}{\376\377\0009\000.\0002\0003\000\040\000m\000a\000r\000k\000o\000p\000y\000.\000c\000p\000p\000\040\000F\000i\000l\000e\000\040\000R\000e\000f\000e\000r\000e\000n\000c\000e}{chapter.9}% 430
\BOOKMARK [2][-]{subsection.9.23.1}{\376\377\0009\000.\0002\0003\000.\0001\000\040\000M\000a\000c\000r\000o\000\040\000D\000e\000f\000i\000n\000i\000t\000i\000o\000n\000\040\000D\000o\000c\000u\000m\000e\000n\000t\000a\000t\000i\000o\000n}{section.9.23}% 431
\BOOKMARK [3][-]{subsubsection.9.23.1.1}{\376\377\0009\000.\0002\0003\000.\0001\000.\0001\000\040\000B\000O\000O\000S\000T\000\137\000P\000Y\000T\000H\000O\000N\000\137\000S\000T\000A\000T\000I\000C\000\137\000L\000I\000B}{subsection.9.23.1}% 432
\BOOKMARK [1][-]{section.9.24}{\376\377\0009\000.\0002\0004\000\040\000m\000a\000r\000k\000o\000p\000y\000.\000c\000p\000p}{chapter.9}% 433
\BOOKMARK [1][-]{section.9.25}{\376\377\0009\000.\0002\0005\000\040\000m\000a\000r\000k\000o\000p\000y\000\137\000c\000l\000i\000.\000p\000y\000\040\000F\000i\000l\000e\000\040\000R\000e\000f\000e\000r\000e\000n\000c\000e}{chapter.9}% 434
\BOOKMARK [1][-]{section.9.26}{\376\377\0009\000.\0002\0006\000\040\000m\000a\000r\000k\000o\000p\000y\000\137\000c\000l\000i\000.\000p\000y}{chapter.9}% 435
\BOOKMARK [1][-]{section.9.27}{\376\377\0009\000.\0002\0007\000\040\000m\000a\000r\000k\000o\000v\000P\000a\000s\000s\000w\000o\000r\000d\000s\000.\000c\000p\000p\000\040\000F\000i\000l\000e\000\040\000R\000e\000f\000e\000r\000e\000n\000c\000e}{chapter.9}% 436
\BOOKMARK [1][-]{section.9.28}{\376\377\0009\000.\0002\0008\000\040\000m\000a\000r\000k\000o\000v\000P\000a\000s\000s\000w\000o\000r\000d\000s\000.\000c\000p\000p}{chapter.9}% 437
\BOOKMARK [1][-]{section.9.29}{\376\377\0009\000.\0002\0009\000\040\000m\000a\000r\000k\000o\000v\000P\000a\000s\000s\000w\000o\000r\000d\000s\000.\000h\000\040\000F\000i\000l\000e\000\040\000R\000e\000f\000e\000r\000e\000n\000c\000e}{chapter.9}% 438
\BOOKMARK [1][-]{section.9.30}{\376\377\0009\000.\0003\0000\000\040\000m\000a\000r\000k\000o\000v\000P\000a\000s\000s\000w\000o\000r\000d\000s\000.\000h}{chapter.9}% 439
\BOOKMARK [1][-]{section.9.31}{\376\377\0009\000.\0003\0001\000\040\000M\000a\000r\000k\000o\000v\000P\000a\000s\000s\000w\000o\000r\000d\000s\000G\000U\000I\000.\000c\000p\000p\000\040\000F\000i\000l\000e\000\040\000R\000e\000f\000e\000r\000e\000n\000c\000e}{chapter.9}% 440
\BOOKMARK [1][-]{section.9.32}{\376\377\0009\000.\0003\0002\000\040\000M\000a\000r\000k\000o\000v\000P\000a\000s\000s\000w\000o\000r\000d\000s\000G\000U\000I\000.\000c\000p\000p}{chapter.9}% 441
\BOOKMARK [1][-]{section.9.33}{\376\377\0009\000.\0003\0003\000\040\000M\000a\000r\000k\000o\000v\000P\000a\000s\000s\000w\000o\000r\000d\000s\000G\000U\000I\000.\000h\000\040\000F\000i\000l\000e\000\040\000R\000e\000f\000e\000r\000e\000n\000c\000e}{chapter.9}% 442
\BOOKMARK [1][-]{section.9.34}{\376\377\0009\000.\0003\0004\000\040\000M\000a\000r\000k\000o\000v\000P\000a\000s\000s\000w\000o\000r\000d\000s\000G\000U\000I\000.\000h}{chapter.9}% 443
\BOOKMARK [1][-]{section.9.35}{\376\377\0009\000.\0003\0005\000\040\000m\000e\000n\000u\000.\000c\000p\000p\000\040\000F\000i\000l\000e\000\040\000R\000e\000f\000e\000r\000e\000n\000c\000e}{chapter.9}% 444
\BOOKMARK [1][-]{section.9.36}{\376\377\0009\000.\0003\0006\000\040\000m\000e\000n\000u\000.\000c\000p\000p}{chapter.9}% 445
\BOOKMARK [1][-]{section.9.37}{\376\377\0009\000.\0003\0007\000\040\000m\000e\000n\000u\000.\000h\000\040\000F\000i\000l\000e\000\040\000R\000e\000f\000e\000r\000e\000n\000c\000e}{chapter.9}% 446
\BOOKMARK [1][-]{section.9.38}{\376\377\0009\000.\0003\0008\000\040\000m\000e\000n\000u\000.\000h}{chapter.9}% 447
\BOOKMARK [1][-]{section.9.39}{\376\377\0009\000.\0003\0009\000\040\000m\000o\000d\000e\000l\000.\000h\000\040\000F\000i\000l\000e\000\040\000R\000e\000f\000e\000r\000e\000n\000c\000e}{chapter.9}% 448
\BOOKMARK [1][-]{section.9.40}{\376\377\0009\000.\0004\0000\000\040\000m\000o\000d\000e\000l\000.\000h}{chapter.9}% 449
\BOOKMARK [1][-]{section.9.41}{\376\377\0009\000.\0004\0001\000\040\000m\000o\000d\000e\000l\000\137\0002\000g\000r\000a\000m\000.\000p\000y\000\040\000F\000i\000l\000e\000\040\000R\000e\000f\000e\000r\000e\000n\000c\000e}{chapter.9}% 450
\BOOKMARK [1][-]{section.9.42}{\376\377\0009\000.\0004\0002\000\040\000m\000o\000d\000e\000l\000\137\0002\000g\000r\000a\000m\000.\000p\000y}{chapter.9}% 451
\BOOKMARK [1][-]{section.9.43}{\376\377\0009\000.\0004\0003\000\040\000m\000o\000d\000e\000l\000M\000a\000t\000r\000i\000x\000.\000c\000p\000p\000\040\000F\000i\000l\000e\000\040\000R\000e\000f\000e\000r\000e\000n\000c\000e}{chapter.9}% 452
\BOOKMARK [1][-]{section.9.44}{\376\377\0009\000.\0004\0004\000\040\000m\000o\000d\000e\000l\000M\000a\000t\000r\000i\000x\000.\000c\000p\000p}{chapter.9}% 453
\BOOKMARK [1][-]{section.9.45}{\376\377\0009\000.\0004\0005\000\040\000m\000o\000d\000e\000l\000M\000a\000t\000r\000i\000x\000.\000h\000\040\000F\000i\000l\000e\000\040\000R\000e\000f\000e\000r\000e\000n\000c\000e}{chapter.9}% 454
\BOOKMARK [1][-]{section.9.46}{\376\377\0009\000.\0004\0006\000\040\000m\000o\000d\000e\000l\000M\000a\000t\000r\000i\000x\000.\000h}{chapter.9}% 455
\BOOKMARK [1][-]{section.9.47}{\376\377\0009\000.\0004\0007\000\040\000n\000o\000d\000e\000.\000h\000\040\000F\000i\000l\000e\000\040\000R\000e\000f\000e\000r\000e\000n\000c\000e}{chapter.9}% 456
\BOOKMARK [1][-]{section.9.48}{\376\377\0009\000.\0004\0008\000\040\000n\000o\000d\000e\000.\000h}{chapter.9}% 457
\BOOKMARK [1][-]{section.9.49}{\376\377\0009\000.\0004\0009\000\040\000p\000c\000h\000.\000c\000p\000p\000\040\000F\000i\000l\000e\000\040\000R\000e\000f\000e\000r\000e\000n\000c\000e}{chapter.9}% 458
\BOOKMARK [1][-]{section.9.50}{\376\377\0009\000.\0005\0000\000\040\000M\000a\000r\000k\000o\000v\000M\000o\000d\000e\000l\000/\000s\000r\000c\000/\000p\000c\000h\000.\000c\000p\000p}{chapter.9}% 459
\BOOKMARK [1][-]{section.9.51}{\376\377\0009\000.\0005\0001\000\040\000p\000c\000h\000.\000c\000p\000p\000\040\000F\000i\000l\000e\000\040\000R\000e\000f\000e\000r\000e\000n\000c\000e}{chapter.9}% 460
\BOOKMARK [1][-]{section.9.52}{\376\377\0009\000.\0005\0002\000\040\000U\000n\000i\000t\000T\000e\000s\000t\000s\000/\000p\000c\000h\000.\000c\000p\000p}{chapter.9}% 461
\BOOKMARK [1][-]{section.9.53}{\376\377\0009\000.\0005\0003\000\040\000p\000c\000h\000.\000h\000\040\000F\000i\000l\000e\000\040\000R\000e\000f\000e\000r\000e\000n\000c\000e}{chapter.9}% 462
\BOOKMARK [1][-]{section.9.54}{\376\377\0009\000.\0005\0004\000\040\000M\000a\000r\000k\000o\000v\000M\000o\000d\000e\000l\000/\000s\000r\000c\000/\000p\000c\000h\000.\000h}{chapter.9}% 463
\BOOKMARK [1][-]{section.9.55}{\376\377\0009\000.\0005\0005\000\040\000p\000c\000h\000.\000h\000\040\000F\000i\000l\000e\000\040\000R\000e\000f\000e\000r\000e\000n\000c\000e}{chapter.9}% 464
\BOOKMARK [1][-]{section.9.56}{\376\377\0009\000.\0005\0006\000\040\000U\000n\000i\000t\000T\000e\000s\000t\000s\000/\000p\000c\000h\000.\000h}{chapter.9}% 465
\BOOKMARK [1][-]{section.9.57}{\376\377\0009\000.\0005\0007\000\040\000r\000a\000n\000d\000o\000m\000-\000m\000o\000d\000e\000l\000.\000p\000y\000\040\000F\000i\000l\000e\000\040\000R\000e\000f\000e\000r\000e\000n\000c\000e}{chapter.9}% 466
\BOOKMARK [1][-]{section.9.58}{\376\377\0009\000.\0005\0008\000\040\000r\000a\000n\000d\000o\000m\000-\000m\000o\000d\000e\000l\000.\000p\000y}{chapter.9}% 467
\BOOKMARK [1][-]{section.9.59}{\376\377\0009\000.\0005\0009\000\040\000r\000a\000n\000d\000o\000m\000.\000h\000\040\000F\000i\000l\000e\000\040\000R\000e\000f\000e\000r\000e\000n\000c\000e}{chapter.9}% 468
\BOOKMARK [1][-]{section.9.60}{\376\377\0009\000.\0006\0000\000\040\000r\000a\000n\000d\000o\000m\000.\000h}{chapter.9}% 469
\BOOKMARK [1][-]{section.9.61}{\376\377\0009\000.\0006\0001\000\040\000R\000E\000A\000D\000M\000E\000.\000m\000d\000\040\000F\000i\000l\000e\000\040\000R\000e\000f\000e\000r\000e\000n\000c\000e}{chapter.9}% 470
\BOOKMARK [1][-]{section.9.62}{\376\377\0009\000.\0006\0002\000\040\000t\000e\000r\000m\000.\000c\000p\000p\000\040\000F\000i\000l\000e\000\040\000R\000e\000f\000e\000r\000e\000n\000c\000e}{chapter.9}% 471
\BOOKMARK [2][-]{subsection.9.62.1}{\376\377\0009\000.\0006\0002\000.\0001\000\040\000F\000u\000n\000c\000t\000i\000o\000n\000\040\000D\000o\000c\000u\000m\000e\000n\000t\000a\000t\000i\000o\000n}{section.9.62}% 472
\BOOKMARK [3][-]{subsubsection.9.62.1.1}{\376\377\0009\000.\0006\0002\000.\0001\000.\0001\000\040\000o\000p\000e\000r\000a\000t\000o\000r\000<\000<\000\050\000\051}{subsection.9.62.1}% 473
\BOOKMARK [1][-]{section.9.63}{\376\377\0009\000.\0006\0003\000\040\000t\000e\000r\000m\000.\000c\000p\000p}{chapter.9}% 474
\BOOKMARK [1][-]{section.9.64}{\376\377\0009\000.\0006\0004\000\040\000t\000e\000r\000m\000.\000h\000\040\000F\000i\000l\000e\000\040\000R\000e\000f\000e\000r\000e\000n\000c\000e}{chapter.9}% 475
\BOOKMARK [2][-]{subsection.9.64.1}{\376\377\0009\000.\0006\0004\000.\0001\000\040\000M\000a\000c\000r\000o\000\040\000D\000e\000f\000i\000n\000i\000t\000i\000o\000n\000\040\000D\000o\000c\000u\000m\000e\000n\000t\000a\000t\000i\000o\000n}{section.9.64}% 476
\BOOKMARK [3][-]{subsubsection.9.64.1.1}{\376\377\0009\000.\0006\0004\000.\0001\000.\0001\000\040\000T\000E\000R\000M\000\137\000F\000A\000I\000L}{subsection.9.64.1}% 477
\BOOKMARK [3][-]{subsubsection.9.64.1.2}{\376\377\0009\000.\0006\0004\000.\0001\000.\0002\000\040\000T\000E\000R\000M\000\137\000I\000N\000F\000O}{subsection.9.64.1}% 478
\BOOKMARK [3][-]{subsubsection.9.64.1.3}{\376\377\0009\000.\0006\0004\000.\0001\000.\0003\000\040\000T\000E\000R\000M\000\137\000S\000U\000C\000C}{subsection.9.64.1}% 479
\BOOKMARK [3][-]{subsubsection.9.64.1.4}{\376\377\0009\000.\0006\0004\000.\0001\000.\0004\000\040\000T\000E\000R\000M\000\137\000W\000A\000R\000N}{subsection.9.64.1}% 480
\BOOKMARK [1][-]{section.9.65}{\376\377\0009\000.\0006\0005\000\040\000t\000e\000r\000m\000.\000h}{chapter.9}% 481
\BOOKMARK [1][-]{section.9.66}{\376\377\0009\000.\0006\0006\000\040\000t\000h\000r\000e\000a\000d\000S\000h\000a\000r\000e\000d\000L\000i\000s\000t\000H\000a\000n\000d\000l\000e\000r\000.\000c\000p\000p\000\040\000F\000i\000l\000e\000\040\000R\000e\000f\000e\000r\000e\000n\000c\000e}{chapter.9}% 482
\BOOKMARK [1][-]{section.9.67}{\376\377\0009\000.\0006\0007\000\040\000t\000h\000r\000e\000a\000d\000S\000h\000a\000r\000e\000d\000L\000i\000s\000t\000H\000a\000n\000d\000l\000e\000r\000.\000c\000p\000p}{chapter.9}% 483
\BOOKMARK [1][-]{section.9.68}{\376\377\0009\000.\0006\0008\000\040\000t\000h\000r\000e\000a\000d\000S\000h\000a\000r\000e\000d\000L\000i\000s\000t\000H\000a\000n\000d\000l\000e\000r\000.\000h\000\040\000F\000i\000l\000e\000\040\000R\000e\000f\000e\000r\000e\000n\000c\000e}{chapter.9}% 484
\BOOKMARK [1][-]{section.9.69}{\376\377\0009\000.\0006\0009\000\040\000t\000h\000r\000e\000a\000d\000S\000h\000a\000r\000e\000d\000L\000i\000s\000t\000H\000a\000n\000d\000l\000e\000r\000.\000h}{chapter.9}% 485
\BOOKMARK [1][-]{section.9.70}{\376\377\0009\000.\0007\0000\000\040\000T\000r\000a\000i\000n\000.\000h\000\040\000F\000i\000l\000e\000\040\000R\000e\000f\000e\000r\000e\000n\000c\000e}{chapter.9}% 486
\BOOKMARK [1][-]{section.9.71}{\376\377\0009\000.\0007\0001\000\040\000T\000r\000a\000i\000n\000.\000h}{chapter.9}% 487
\BOOKMARK [1][-]{section.9.72}{\376\377\0009\000.\0007\0002\000\040\000U\000n\000i\000t\000T\000e\000s\000t\000s\000.\000c\000p\000p\000\040\000F\000i\000l\000e\000\040\000R\000e\000f\000e\000r\000e\000n\000c\000e}{chapter.9}% 488
\BOOKMARK [1][-]{section.9.73}{\376\377\0009\000.\0007\0003\000\040\000U\000n\000i\000t\000T\000e\000s\000t\000s\000.\000c\000p\000p}{chapter.9}% 489
\BOOKMARK [0][-]{section*.308}{\376\377\000I\000n\000d\000e\000x}{}% 490
